<?xml version="1.0" encoding="UTF-8" ?>
<testsuite tests="40" failures="0" name="cucumberOptions.TestRunner" time="0.132" errors="24" skipped="16">
  <properties>
[...]
</properties>
  <testcase classname="Search products in mercadolibrecomar and with different validations2 #1" name="User is on the result page of searching TV 4kFravega" time="0.007">
    <error message="&quot;User is on the result page of searching TV 4kFravega&quot; matches more than one step definition:
  &quot;^User is on the result page of searching (.+)$&quot; in stepDefinitions.stepDefinitionTest.user_is_on_the_result_page_of_searching(java.lang.String)
  &quot;^User is on the result page of searching (.+)Fravega$&quot; in stepDefinitions.stepDefinitionTest.user_is_on_the_result_page_of_searchingFravega(java.lang.String)" type="io.cucumber.core.runner.AmbiguousStepDefinitionsException">io.cucumber.core.runner.AmbiguousStepDefinitionsException: &quot;User is on the result page of searching TV 4kFravega&quot; matches more than one step definition:
  &quot;^User is on the result page of searching (.+)$&quot; in stepDefinitions.stepDefinitionTest.user_is_on_the_result_page_of_searching(java.lang.String)
  &quot;^User is on the result page of searching (.+)Fravega$&quot; in stepDefinitions.stepDefinitionTest.user_is_on_the_result_page_of_searchingFravega(java.lang.String)
	at io.cucumber.core.runner.CachingGlue.findStepDefinitionMatch(CachingGlue.java:373)
	at io.cucumber.core.runner.CachingGlue.stepDefinitionMatch(CachingGlue.java:341)
	at io.cucumber.core.runner.Runner.matchStepToStepDefinition(Runner.java:148)
	at io.cucumber.core.runner.Runner.createTestStepsForPickleSteps(Runner.java:128)
	at io.cucumber.core.runner.Runner.createTestCaseForPickle(Runner.java:111)
	at io.cucumber.core.runner.Runner.runPickle(Runner.java:72)
	at io.cucumber.junit.PickleRunners$WithStepDescriptions.run(PickleRunners.java:110)
	at io.cucumber.junit.FeatureRunner.runChild(FeatureRunner.java:135)
	at io.cucumber.junit.FeatureRunner.runChild(FeatureRunner.java:27)
	at org.junit.runners.ParentRunner$3.run(ParentRunner.java:290)
	at org.junit.runners.ParentRunner$1.schedule(ParentRunner.java:71)
	at org.junit.runners.ParentRunner.runChildren(ParentRunner.java:288)
	at org.junit.runners.ParentRunner.access$000(ParentRunner.java:58)
	at org.junit.runners.ParentRunner$2.evaluate(ParentRunner.java:268)
	at org.junit.runners.ParentRunner.run(ParentRunner.java:363)
	at io.cucumber.junit.Cucumber.runChild(Cucumber.java:200)
	at io.cucumber.junit.Cucumber.runChild(Cucumber.java:90)
	at org.junit.runners.ParentRunner$3.run(ParentRunner.java:290)
	at org.junit.runners.ParentRunner$1.schedule(ParentRunner.java:71)
	at org.junit.runners.ParentRunner.runChildren(ParentRunner.java:288)
	at org.junit.runners.ParentRunner.access$000(ParentRunner.java:58)
	at org.junit.runners.ParentRunner$2.evaluate(ParentRunner.java:268)
	at io.cucumber.junit.Cucumber$RunCucumber.evaluate(Cucumber.java:235)
	at org.junit.runners.ParentRunner.run(ParentRunner.java:363)
	at org.apache.maven.surefire.junit4.JUnit4Provider.execute(JUnit4Provider.java:252)
	at org.apache.maven.surefire.junit4.JUnit4Provider.executeTestSet(JUnit4Provider.java:141)
	at org.apache.maven.surefire.junit4.JUnit4Provider.invoke(JUnit4Provider.java:112)
	at sun.reflect.NativeMethodAccessorImpl.invoke0(Native Method)
	at sun.reflect.NativeMethodAccessorImpl.invoke(NativeMethodAccessorImpl.java:62)
	at sun.reflect.DelegatingMethodAccessorImpl.invoke(DelegatingMethodAccessorImpl.java:43)
	at java.lang.reflect.Method.invoke(Method.java:498)
	at org.apache.maven.surefire.util.ReflectionUtils.invokeMethodWithArray(ReflectionUtils.java:189)
	at org.apache.maven.surefire.booter.ProviderFactory$ProviderProxy.invoke(ProviderFactory.java:165)
	at org.apache.maven.surefire.booter.ProviderFactory.invokeProvider(ProviderFactory.java:85)
	at org.apache.maven.surefire.booter.ForkedBooter.runSuitesInProcess(ForkedBooter.java:115)
	at org.apache.maven.surefire.booter.ForkedBooter.main(ForkedBooter.java:75)
</error>
    <system-out>
@MercadoLibre @RegressionTestFravega
Scenario Outline: Search products in mercadolibrecomar and with different validations2 # src/test/java/features/Search.feature:72
</system-out>
  </testcase>
  <testcase classname="Search products in mercadolibrecomar and with different validations2 #1" name="User search a product with price betwen 60000 and 100000Fravega" time="0.002">
    <skipped/>
    <system-out>  Given User is on the result page of searching TV 4kFravega                           # null
      io.cucumber.core.runner.AmbiguousStepDefinitionsException: &quot;User is on the result page of searching TV 4kFravega&quot; matches more than one step definition:
  &quot;^User is on the result page of searching (.+)$&quot; in stepDefinitions.stepDefinitionTest.user_is_on_the_result_page_of_searching(java.lang.String)
  &quot;^User is on the result page of searching (.+)Fravega$&quot; in stepDefinitions.stepDefinitionTest.user_is_on_the_result_page_of_searchingFravega(java.lang.String)
	at io.cucumber.core.runner.CachingGlue.findStepDefinitionMatch(CachingGlue.java:373)
	at io.cucumber.core.runner.CachingGlue.stepDefinitionMatch(CachingGlue.java:341)
	at io.cucumber.core.runner.Runner.matchStepToStepDefinition(Runner.java:148)
	at io.cucumber.core.runner.Runner.createTestStepsForPickleSteps(Runner.java:128)
	at io.cucumber.core.runner.Runner.createTestCaseForPickle(Runner.java:111)
	at io.cucumber.core.runner.Runner.runPickle(Runner.java:72)
	at io.cucumber.junit.PickleRunners$WithStepDescriptions.run(PickleRunners.java:110)
	at io.cucumber.junit.FeatureRunner.runChild(FeatureRunner.java:135)
	at io.cucumber.junit.FeatureRunner.runChild(FeatureRunner.java:27)
	at org.junit.runners.ParentRunner$3.run(ParentRunner.java:290)
	at org.junit.runners.ParentRunner$1.schedule(ParentRunner.java:71)
	at org.junit.runners.ParentRunner.runChildren(ParentRunner.java:288)
	at org.junit.runners.ParentRunner.access$000(ParentRunner.java:58)
	at org.junit.runners.ParentRunner$2.evaluate(ParentRunner.java:268)
	at org.junit.runners.ParentRunner.run(ParentRunner.java:363)
	at io.cucumber.junit.Cucumber.runChild(Cucumber.java:200)
	at io.cucumber.junit.Cucumber.runChild(Cucumber.java:90)
	at org.junit.runners.ParentRunner$3.run(ParentRunner.java:290)
	at org.junit.runners.ParentRunner$1.schedule(ParentRunner.java:71)
	at org.junit.runners.ParentRunner.runChildren(ParentRunner.java:288)
	at org.junit.runners.ParentRunner.access$000(ParentRunner.java:58)
	at org.junit.runners.ParentRunner$2.evaluate(ParentRunner.java:268)
	at io.cucumber.junit.Cucumber$RunCucumber.evaluate(Cucumber.java:235)
	at org.junit.runners.ParentRunner.run(ParentRunner.java:363)
	at org.apache.maven.surefire.junit4.JUnit4Provider.execute(JUnit4Provider.java:252)
	at org.apache.maven.surefire.junit4.JUnit4Provider.executeTestSet(JUnit4Provider.java:141)
	at org.apache.maven.surefire.junit4.JUnit4Provider.invoke(JUnit4Provider.java:112)
	at sun.reflect.NativeMethodAccessorImpl.invoke0(Native Method)
	at sun.reflect.NativeMethodAccessorImpl.invoke(NativeMethodAccessorImpl.java:62)
	at sun.reflect.DelegatingMethodAccessorImpl.invoke(DelegatingMethodAccessorImpl.java:43)
	at java.lang.reflect.Method.invoke(Method.java:498)
	at org.apache.maven.surefire.util.ReflectionUtils.invokeMethodWithArray(ReflectionUtils.java:189)
	at org.apache.maven.surefire.booter.ProviderFactory$ProviderProxy.invoke(ProviderFactory.java:165)
	at org.apache.maven.surefire.booter.ProviderFactory.invokeProvider(ProviderFactory.java:85)
	at org.apache.maven.surefire.booter.ForkedBooter.runSuitesInProcess(ForkedBooter.java:115)
	at org.apache.maven.surefire.booter.ForkedBooter.main(ForkedBooter.java:75)

</system-out>
  </testcase>
  <testcase classname="Search products in mercadolibrecomar and with different validations2 #1" name="The result resultados are displayed trueFravega" time="0">
    <skipped/>
    <system-out>  When User search a product with price betwen 60000 and 100000Fravega                 # null
</system-out>
  </testcase>
  <testcase classname="Search products in mercadolibrecomar and with different validations2 #1" name="Search products in mercadolibrecomar and with different validations2 #1" time="0.011">
    <error message="&quot;User is on the result page of searching TV 4kFravega&quot; matches more than one step definition:
  &quot;^User is on the result page of searching (.+)$&quot; in stepDefinitions.stepDefinitionTest.user_is_on_the_result_page_of_searching(java.lang.String)
  &quot;^User is on the result page of searching (.+)Fravega$&quot; in stepDefinitions.stepDefinitionTest.user_is_on_the_result_page_of_searchingFravega(java.lang.String)" type="io.cucumber.core.runner.AmbiguousStepDefinitionsException">io.cucumber.core.runner.AmbiguousStepDefinitionsException: &quot;User is on the result page of searching TV 4kFravega&quot; matches more than one step definition:
  &quot;^User is on the result page of searching (.+)$&quot; in stepDefinitions.stepDefinitionTest.user_is_on_the_result_page_of_searching(java.lang.String)
  &quot;^User is on the result page of searching (.+)Fravega$&quot; in stepDefinitions.stepDefinitionTest.user_is_on_the_result_page_of_searchingFravega(java.lang.String)
	at io.cucumber.core.runner.CachingGlue.findStepDefinitionMatch(CachingGlue.java:373)
	at io.cucumber.core.runner.CachingGlue.stepDefinitionMatch(CachingGlue.java:341)
	at io.cucumber.core.runner.Runner.matchStepToStepDefinition(Runner.java:148)
	at io.cucumber.core.runner.Runner.createTestStepsForPickleSteps(Runner.java:128)
	at io.cucumber.core.runner.Runner.createTestCaseForPickle(Runner.java:111)
	at io.cucumber.core.runner.Runner.runPickle(Runner.java:72)
	at io.cucumber.junit.PickleRunners$WithStepDescriptions.run(PickleRunners.java:110)
	at io.cucumber.junit.FeatureRunner.runChild(FeatureRunner.java:135)
	at io.cucumber.junit.FeatureRunner.runChild(FeatureRunner.java:27)
	at org.junit.runners.ParentRunner$3.run(ParentRunner.java:290)
	at org.junit.runners.ParentRunner$1.schedule(ParentRunner.java:71)
	at org.junit.runners.ParentRunner.runChildren(ParentRunner.java:288)
	at org.junit.runners.ParentRunner.access$000(ParentRunner.java:58)
	at org.junit.runners.ParentRunner$2.evaluate(ParentRunner.java:268)
	at org.junit.runners.ParentRunner.run(ParentRunner.java:363)
	at io.cucumber.junit.Cucumber.runChild(Cucumber.java:200)
	at io.cucumber.junit.Cucumber.runChild(Cucumber.java:90)
	at org.junit.runners.ParentRunner$3.run(ParentRunner.java:290)
	at org.junit.runners.ParentRunner$1.schedule(ParentRunner.java:71)
	at org.junit.runners.ParentRunner.runChildren(ParentRunner.java:288)
	at org.junit.runners.ParentRunner.access$000(ParentRunner.java:58)
	at org.junit.runners.ParentRunner$2.evaluate(ParentRunner.java:268)
	at io.cucumber.junit.Cucumber$RunCucumber.evaluate(Cucumber.java:235)
	at org.junit.runners.ParentRunner.run(ParentRunner.java:363)
	at org.apache.maven.surefire.junit4.JUnit4Provider.execute(JUnit4Provider.java:252)
	at org.apache.maven.surefire.junit4.JUnit4Provider.executeTestSet(JUnit4Provider.java:141)
	at org.apache.maven.surefire.junit4.JUnit4Provider.invoke(JUnit4Provider.java:112)
	at sun.reflect.NativeMethodAccessorImpl.invoke0(Native Method)
	at sun.reflect.NativeMethodAccessorImpl.invoke(NativeMethodAccessorImpl.java:62)
	at sun.reflect.DelegatingMethodAccessorImpl.invoke(DelegatingMethodAccessorImpl.java:43)
	at java.lang.reflect.Method.invoke(Method.java:498)
	at org.apache.maven.surefire.util.ReflectionUtils.invokeMethodWithArray(ReflectionUtils.java:189)
	at org.apache.maven.surefire.booter.ProviderFactory$ProviderProxy.invoke(ProviderFactory.java:165)
	at org.apache.maven.surefire.booter.ProviderFactory.invokeProvider(ProviderFactory.java:85)
	at org.apache.maven.surefire.booter.ForkedBooter.runSuitesInProcess(ForkedBooter.java:115)
	at org.apache.maven.surefire.booter.ForkedBooter.main(ForkedBooter.java:75)
</error>
    <system-out>  Then The result resultados are displayed trueFravega                                 # null
      java.lang.NullPointerException
	at stepDefinitions.Hooks.after_regressionTestFravega(Hooks.java:57)

</system-out>
  </testcase>
  <testcase classname="Search products in mercadolibrecomar and with different validations2 #1" name="Search products in mercadolibrecomar and with different validations2 #1" time="0.012">
    <error type="java.lang.NullPointerException">java.lang.NullPointerException
	at stepDefinitions.Hooks.after_regressionTestFravega(Hooks.java:57)
</error>
  </testcase>
  <testcase classname="Search products in mercadolibrecomar and with different validations2 #2" name="User is on the result page of searching TV 4kFravega" time="0.001">
    <error message="&quot;User is on the result page of searching TV 4kFravega&quot; matches more than one step definition:
  &quot;^User is on the result page of searching (.+)$&quot; in stepDefinitions.stepDefinitionTest.user_is_on_the_result_page_of_searching(java.lang.String)
  &quot;^User is on the result page of searching (.+)Fravega$&quot; in stepDefinitions.stepDefinitionTest.user_is_on_the_result_page_of_searchingFravega(java.lang.String)" type="io.cucumber.core.runner.AmbiguousStepDefinitionsException">io.cucumber.core.runner.AmbiguousStepDefinitionsException: &quot;User is on the result page of searching TV 4kFravega&quot; matches more than one step definition:
  &quot;^User is on the result page of searching (.+)$&quot; in stepDefinitions.stepDefinitionTest.user_is_on_the_result_page_of_searching(java.lang.String)
  &quot;^User is on the result page of searching (.+)Fravega$&quot; in stepDefinitions.stepDefinitionTest.user_is_on_the_result_page_of_searchingFravega(java.lang.String)
	at io.cucumber.core.runner.CachingGlue.findStepDefinitionMatch(CachingGlue.java:373)
	at io.cucumber.core.runner.CachingGlue.stepDefinitionMatch(CachingGlue.java:341)
	at io.cucumber.core.runner.Runner.matchStepToStepDefinition(Runner.java:148)
	at io.cucumber.core.runner.Runner.createTestStepsForPickleSteps(Runner.java:128)
	at io.cucumber.core.runner.Runner.createTestCaseForPickle(Runner.java:111)
	at io.cucumber.core.runner.Runner.runPickle(Runner.java:72)
	at io.cucumber.junit.PickleRunners$WithStepDescriptions.run(PickleRunners.java:110)
	at io.cucumber.junit.FeatureRunner.runChild(FeatureRunner.java:135)
	at io.cucumber.junit.FeatureRunner.runChild(FeatureRunner.java:27)
	at org.junit.runners.ParentRunner$3.run(ParentRunner.java:290)
	at org.junit.runners.ParentRunner$1.schedule(ParentRunner.java:71)
	at org.junit.runners.ParentRunner.runChildren(ParentRunner.java:288)
	at org.junit.runners.ParentRunner.access$000(ParentRunner.java:58)
	at org.junit.runners.ParentRunner$2.evaluate(ParentRunner.java:268)
	at org.junit.runners.ParentRunner.run(ParentRunner.java:363)
	at io.cucumber.junit.Cucumber.runChild(Cucumber.java:200)
	at io.cucumber.junit.Cucumber.runChild(Cucumber.java:90)
	at org.junit.runners.ParentRunner$3.run(ParentRunner.java:290)
	at org.junit.runners.ParentRunner$1.schedule(ParentRunner.java:71)
	at org.junit.runners.ParentRunner.runChildren(ParentRunner.java:288)
	at org.junit.runners.ParentRunner.access$000(ParentRunner.java:58)
	at org.junit.runners.ParentRunner$2.evaluate(ParentRunner.java:268)
	at io.cucumber.junit.Cucumber$RunCucumber.evaluate(Cucumber.java:235)
	at org.junit.runners.ParentRunner.run(ParentRunner.java:363)
	at org.apache.maven.surefire.junit4.JUnit4Provider.execute(JUnit4Provider.java:252)
	at org.apache.maven.surefire.junit4.JUnit4Provider.executeTestSet(JUnit4Provider.java:141)
	at org.apache.maven.surefire.junit4.JUnit4Provider.invoke(JUnit4Provider.java:112)
	at sun.reflect.NativeMethodAccessorImpl.invoke0(Native Method)
	at sun.reflect.NativeMethodAccessorImpl.invoke(NativeMethodAccessorImpl.java:62)
	at sun.reflect.DelegatingMethodAccessorImpl.invoke(DelegatingMethodAccessorImpl.java:43)
	at java.lang.reflect.Method.invoke(Method.java:498)
	at org.apache.maven.surefire.util.ReflectionUtils.invokeMethodWithArray(ReflectionUtils.java:189)
	at org.apache.maven.surefire.booter.ProviderFactory$ProviderProxy.invoke(ProviderFactory.java:165)
	at org.apache.maven.surefire.booter.ProviderFactory.invokeProvider(ProviderFactory.java:85)
	at org.apache.maven.surefire.booter.ForkedBooter.runSuitesInProcess(ForkedBooter.java:115)
	at org.apache.maven.surefire.booter.ForkedBooter.main(ForkedBooter.java:75)
</error>
    <system-out>
@MercadoLibre @RegressionTestFravega
Scenario Outline: Search products in mercadolibrecomar and with different validations2 # src/test/java/features/Search.feature:73
</system-out>
  </testcase>
  <testcase classname="Search products in mercadolibrecomar and with different validations2 #2" name="User search a product with price betwen 100000 and 200000Fravega" time="0">
    <skipped/>
    <system-out>  Given User is on the result page of searching TV 4kFravega                           # null
      io.cucumber.core.runner.AmbiguousStepDefinitionsException: &quot;User is on the result page of searching TV 4kFravega&quot; matches more than one step definition:
  &quot;^User is on the result page of searching (.+)$&quot; in stepDefinitions.stepDefinitionTest.user_is_on_the_result_page_of_searching(java.lang.String)
  &quot;^User is on the result page of searching (.+)Fravega$&quot; in stepDefinitions.stepDefinitionTest.user_is_on_the_result_page_of_searchingFravega(java.lang.String)
	at io.cucumber.core.runner.CachingGlue.findStepDefinitionMatch(CachingGlue.java:373)
	at io.cucumber.core.runner.CachingGlue.stepDefinitionMatch(CachingGlue.java:341)
	at io.cucumber.core.runner.Runner.matchStepToStepDefinition(Runner.java:148)
	at io.cucumber.core.runner.Runner.createTestStepsForPickleSteps(Runner.java:128)
	at io.cucumber.core.runner.Runner.createTestCaseForPickle(Runner.java:111)
	at io.cucumber.core.runner.Runner.runPickle(Runner.java:72)
	at io.cucumber.junit.PickleRunners$WithStepDescriptions.run(PickleRunners.java:110)
	at io.cucumber.junit.FeatureRunner.runChild(FeatureRunner.java:135)
	at io.cucumber.junit.FeatureRunner.runChild(FeatureRunner.java:27)
	at org.junit.runners.ParentRunner$3.run(ParentRunner.java:290)
	at org.junit.runners.ParentRunner$1.schedule(ParentRunner.java:71)
	at org.junit.runners.ParentRunner.runChildren(ParentRunner.java:288)
	at org.junit.runners.ParentRunner.access$000(ParentRunner.java:58)
	at org.junit.runners.ParentRunner$2.evaluate(ParentRunner.java:268)
	at org.junit.runners.ParentRunner.run(ParentRunner.java:363)
	at io.cucumber.junit.Cucumber.runChild(Cucumber.java:200)
	at io.cucumber.junit.Cucumber.runChild(Cucumber.java:90)
	at org.junit.runners.ParentRunner$3.run(ParentRunner.java:290)
	at org.junit.runners.ParentRunner$1.schedule(ParentRunner.java:71)
	at org.junit.runners.ParentRunner.runChildren(ParentRunner.java:288)
	at org.junit.runners.ParentRunner.access$000(ParentRunner.java:58)
	at org.junit.runners.ParentRunner$2.evaluate(ParentRunner.java:268)
	at io.cucumber.junit.Cucumber$RunCucumber.evaluate(Cucumber.java:235)
	at org.junit.runners.ParentRunner.run(ParentRunner.java:363)
	at org.apache.maven.surefire.junit4.JUnit4Provider.execute(JUnit4Provider.java:252)
	at org.apache.maven.surefire.junit4.JUnit4Provider.executeTestSet(JUnit4Provider.java:141)
	at org.apache.maven.surefire.junit4.JUnit4Provider.invoke(JUnit4Provider.java:112)
	at sun.reflect.NativeMethodAccessorImpl.invoke0(Native Method)
	at sun.reflect.NativeMethodAccessorImpl.invoke(NativeMethodAccessorImpl.java:62)
	at sun.reflect.DelegatingMethodAccessorImpl.invoke(DelegatingMethodAccessorImpl.java:43)
	at java.lang.reflect.Method.invoke(Method.java:498)
	at org.apache.maven.surefire.util.ReflectionUtils.invokeMethodWithArray(ReflectionUtils.java:189)
	at org.apache.maven.surefire.booter.ProviderFactory$ProviderProxy.invoke(ProviderFactory.java:165)
	at org.apache.maven.surefire.booter.ProviderFactory.invokeProvider(ProviderFactory.java:85)
	at org.apache.maven.surefire.booter.ForkedBooter.runSuitesInProcess(ForkedBooter.java:115)
	at org.apache.maven.surefire.booter.ForkedBooter.main(ForkedBooter.java:75)

</system-out>
  </testcase>
  <testcase classname="Search products in mercadolibrecomar and with different validations2 #2" name="The result resultados are displayed trueFravega" time="0">
    <skipped/>
    <system-out>  When User search a product with price betwen 100000 and 200000Fravega                # null
</system-out>
  </testcase>
  <testcase classname="Search products in mercadolibrecomar and with different validations2 #2" name="Search products in mercadolibrecomar and with different validations2 #2" time="0.006">
    <error message="&quot;User is on the result page of searching TV 4kFravega&quot; matches more than one step definition:
  &quot;^User is on the result page of searching (.+)$&quot; in stepDefinitions.stepDefinitionTest.user_is_on_the_result_page_of_searching(java.lang.String)
  &quot;^User is on the result page of searching (.+)Fravega$&quot; in stepDefinitions.stepDefinitionTest.user_is_on_the_result_page_of_searchingFravega(java.lang.String)" type="io.cucumber.core.runner.AmbiguousStepDefinitionsException">io.cucumber.core.runner.AmbiguousStepDefinitionsException: &quot;User is on the result page of searching TV 4kFravega&quot; matches more than one step definition:
  &quot;^User is on the result page of searching (.+)$&quot; in stepDefinitions.stepDefinitionTest.user_is_on_the_result_page_of_searching(java.lang.String)
  &quot;^User is on the result page of searching (.+)Fravega$&quot; in stepDefinitions.stepDefinitionTest.user_is_on_the_result_page_of_searchingFravega(java.lang.String)
	at io.cucumber.core.runner.CachingGlue.findStepDefinitionMatch(CachingGlue.java:373)
	at io.cucumber.core.runner.CachingGlue.stepDefinitionMatch(CachingGlue.java:341)
	at io.cucumber.core.runner.Runner.matchStepToStepDefinition(Runner.java:148)
	at io.cucumber.core.runner.Runner.createTestStepsForPickleSteps(Runner.java:128)
	at io.cucumber.core.runner.Runner.createTestCaseForPickle(Runner.java:111)
	at io.cucumber.core.runner.Runner.runPickle(Runner.java:72)
	at io.cucumber.junit.PickleRunners$WithStepDescriptions.run(PickleRunners.java:110)
	at io.cucumber.junit.FeatureRunner.runChild(FeatureRunner.java:135)
	at io.cucumber.junit.FeatureRunner.runChild(FeatureRunner.java:27)
	at org.junit.runners.ParentRunner$3.run(ParentRunner.java:290)
	at org.junit.runners.ParentRunner$1.schedule(ParentRunner.java:71)
	at org.junit.runners.ParentRunner.runChildren(ParentRunner.java:288)
	at org.junit.runners.ParentRunner.access$000(ParentRunner.java:58)
	at org.junit.runners.ParentRunner$2.evaluate(ParentRunner.java:268)
	at org.junit.runners.ParentRunner.run(ParentRunner.java:363)
	at io.cucumber.junit.Cucumber.runChild(Cucumber.java:200)
	at io.cucumber.junit.Cucumber.runChild(Cucumber.java:90)
	at org.junit.runners.ParentRunner$3.run(ParentRunner.java:290)
	at org.junit.runners.ParentRunner$1.schedule(ParentRunner.java:71)
	at org.junit.runners.ParentRunner.runChildren(ParentRunner.java:288)
	at org.junit.runners.ParentRunner.access$000(ParentRunner.java:58)
	at org.junit.runners.ParentRunner$2.evaluate(ParentRunner.java:268)
	at io.cucumber.junit.Cucumber$RunCucumber.evaluate(Cucumber.java:235)
	at org.junit.runners.ParentRunner.run(ParentRunner.java:363)
	at org.apache.maven.surefire.junit4.JUnit4Provider.execute(JUnit4Provider.java:252)
	at org.apache.maven.surefire.junit4.JUnit4Provider.executeTestSet(JUnit4Provider.java:141)
	at org.apache.maven.surefire.junit4.JUnit4Provider.invoke(JUnit4Provider.java:112)
	at sun.reflect.NativeMethodAccessorImpl.invoke0(Native Method)
	at sun.reflect.NativeMethodAccessorImpl.invoke(NativeMethodAccessorImpl.java:62)
	at sun.reflect.DelegatingMethodAccessorImpl.invoke(DelegatingMethodAccessorImpl.java:43)
	at java.lang.reflect.Method.invoke(Method.java:498)
	at org.apache.maven.surefire.util.ReflectionUtils.invokeMethodWithArray(ReflectionUtils.java:189)
	at org.apache.maven.surefire.booter.ProviderFactory$ProviderProxy.invoke(ProviderFactory.java:165)
	at org.apache.maven.surefire.booter.ProviderFactory.invokeProvider(ProviderFactory.java:85)
	at org.apache.maven.surefire.booter.ForkedBooter.runSuitesInProcess(ForkedBooter.java:115)
	at org.apache.maven.surefire.booter.ForkedBooter.main(ForkedBooter.java:75)
</error>
    <system-out>  Then The result resultados are displayed trueFravega                                 # null
      java.lang.NullPointerException
	at stepDefinitions.Hooks.after_regressionTestFravega(Hooks.java:57)

</system-out>
  </testcase>
  <testcase classname="Search products in mercadolibrecomar and with different validations2 #2" name="Search products in mercadolibrecomar and with different validations2 #2" time="0.006">
    <error type="java.lang.NullPointerException">java.lang.NullPointerException
	at stepDefinitions.Hooks.after_regressionTestFravega(Hooks.java:57)
</error>
  </testcase>
  <testcase classname="Search products in mercadolibrecomar and with different validations2 #3" name="User is on the result page of searching TV 4kFravega" time="0.001">
    <error message="&quot;User is on the result page of searching TV 4kFravega&quot; matches more than one step definition:
  &quot;^User is on the result page of searching (.+)$&quot; in stepDefinitions.stepDefinitionTest.user_is_on_the_result_page_of_searching(java.lang.String)
  &quot;^User is on the result page of searching (.+)Fravega$&quot; in stepDefinitions.stepDefinitionTest.user_is_on_the_result_page_of_searchingFravega(java.lang.String)" type="io.cucumber.core.runner.AmbiguousStepDefinitionsException">io.cucumber.core.runner.AmbiguousStepDefinitionsException: &quot;User is on the result page of searching TV 4kFravega&quot; matches more than one step definition:
  &quot;^User is on the result page of searching (.+)$&quot; in stepDefinitions.stepDefinitionTest.user_is_on_the_result_page_of_searching(java.lang.String)
  &quot;^User is on the result page of searching (.+)Fravega$&quot; in stepDefinitions.stepDefinitionTest.user_is_on_the_result_page_of_searchingFravega(java.lang.String)
	at io.cucumber.core.runner.CachingGlue.findStepDefinitionMatch(CachingGlue.java:373)
	at io.cucumber.core.runner.CachingGlue.stepDefinitionMatch(CachingGlue.java:341)
	at io.cucumber.core.runner.Runner.matchStepToStepDefinition(Runner.java:148)
	at io.cucumber.core.runner.Runner.createTestStepsForPickleSteps(Runner.java:128)
	at io.cucumber.core.runner.Runner.createTestCaseForPickle(Runner.java:111)
	at io.cucumber.core.runner.Runner.runPickle(Runner.java:72)
	at io.cucumber.junit.PickleRunners$WithStepDescriptions.run(PickleRunners.java:110)
	at io.cucumber.junit.FeatureRunner.runChild(FeatureRunner.java:135)
	at io.cucumber.junit.FeatureRunner.runChild(FeatureRunner.java:27)
	at org.junit.runners.ParentRunner$3.run(ParentRunner.java:290)
	at org.junit.runners.ParentRunner$1.schedule(ParentRunner.java:71)
	at org.junit.runners.ParentRunner.runChildren(ParentRunner.java:288)
	at org.junit.runners.ParentRunner.access$000(ParentRunner.java:58)
	at org.junit.runners.ParentRunner$2.evaluate(ParentRunner.java:268)
	at org.junit.runners.ParentRunner.run(ParentRunner.java:363)
	at io.cucumber.junit.Cucumber.runChild(Cucumber.java:200)
	at io.cucumber.junit.Cucumber.runChild(Cucumber.java:90)
	at org.junit.runners.ParentRunner$3.run(ParentRunner.java:290)
	at org.junit.runners.ParentRunner$1.schedule(ParentRunner.java:71)
	at org.junit.runners.ParentRunner.runChildren(ParentRunner.java:288)
	at org.junit.runners.ParentRunner.access$000(ParentRunner.java:58)
	at org.junit.runners.ParentRunner$2.evaluate(ParentRunner.java:268)
	at io.cucumber.junit.Cucumber$RunCucumber.evaluate(Cucumber.java:235)
	at org.junit.runners.ParentRunner.run(ParentRunner.java:363)
	at org.apache.maven.surefire.junit4.JUnit4Provider.execute(JUnit4Provider.java:252)
	at org.apache.maven.surefire.junit4.JUnit4Provider.executeTestSet(JUnit4Provider.java:141)
	at org.apache.maven.surefire.junit4.JUnit4Provider.invoke(JUnit4Provider.java:112)
	at sun.reflect.NativeMethodAccessorImpl.invoke0(Native Method)
	at sun.reflect.NativeMethodAccessorImpl.invoke(NativeMethodAccessorImpl.java:62)
	at sun.reflect.DelegatingMethodAccessorImpl.invoke(DelegatingMethodAccessorImpl.java:43)
	at java.lang.reflect.Method.invoke(Method.java:498)
	at org.apache.maven.surefire.util.ReflectionUtils.invokeMethodWithArray(ReflectionUtils.java:189)
	at org.apache.maven.surefire.booter.ProviderFactory$ProviderProxy.invoke(ProviderFactory.java:165)
	at org.apache.maven.surefire.booter.ProviderFactory.invokeProvider(ProviderFactory.java:85)
	at org.apache.maven.surefire.booter.ForkedBooter.runSuitesInProcess(ForkedBooter.java:115)
	at org.apache.maven.surefire.booter.ForkedBooter.main(ForkedBooter.java:75)
</error>
    <system-out>
@MercadoLibre @RegressionTestFravega
Scenario Outline: Search products in mercadolibrecomar and with different validations2 # src/test/java/features/Search.feature:74
</system-out>
  </testcase>
  <testcase classname="Search products in mercadolibrecomar and with different validations2 #3" name="User search a product with price betwen 200000 and 300000Fravega" time="0">
    <skipped/>
    <system-out>  Given User is on the result page of searching TV 4kFravega                           # null
      io.cucumber.core.runner.AmbiguousStepDefinitionsException: &quot;User is on the result page of searching TV 4kFravega&quot; matches more than one step definition:
  &quot;^User is on the result page of searching (.+)$&quot; in stepDefinitions.stepDefinitionTest.user_is_on_the_result_page_of_searching(java.lang.String)
  &quot;^User is on the result page of searching (.+)Fravega$&quot; in stepDefinitions.stepDefinitionTest.user_is_on_the_result_page_of_searchingFravega(java.lang.String)
	at io.cucumber.core.runner.CachingGlue.findStepDefinitionMatch(CachingGlue.java:373)
	at io.cucumber.core.runner.CachingGlue.stepDefinitionMatch(CachingGlue.java:341)
	at io.cucumber.core.runner.Runner.matchStepToStepDefinition(Runner.java:148)
	at io.cucumber.core.runner.Runner.createTestStepsForPickleSteps(Runner.java:128)
	at io.cucumber.core.runner.Runner.createTestCaseForPickle(Runner.java:111)
	at io.cucumber.core.runner.Runner.runPickle(Runner.java:72)
	at io.cucumber.junit.PickleRunners$WithStepDescriptions.run(PickleRunners.java:110)
	at io.cucumber.junit.FeatureRunner.runChild(FeatureRunner.java:135)
	at io.cucumber.junit.FeatureRunner.runChild(FeatureRunner.java:27)
	at org.junit.runners.ParentRunner$3.run(ParentRunner.java:290)
	at org.junit.runners.ParentRunner$1.schedule(ParentRunner.java:71)
	at org.junit.runners.ParentRunner.runChildren(ParentRunner.java:288)
	at org.junit.runners.ParentRunner.access$000(ParentRunner.java:58)
	at org.junit.runners.ParentRunner$2.evaluate(ParentRunner.java:268)
	at org.junit.runners.ParentRunner.run(ParentRunner.java:363)
	at io.cucumber.junit.Cucumber.runChild(Cucumber.java:200)
	at io.cucumber.junit.Cucumber.runChild(Cucumber.java:90)
	at org.junit.runners.ParentRunner$3.run(ParentRunner.java:290)
	at org.junit.runners.ParentRunner$1.schedule(ParentRunner.java:71)
	at org.junit.runners.ParentRunner.runChildren(ParentRunner.java:288)
	at org.junit.runners.ParentRunner.access$000(ParentRunner.java:58)
	at org.junit.runners.ParentRunner$2.evaluate(ParentRunner.java:268)
	at io.cucumber.junit.Cucumber$RunCucumber.evaluate(Cucumber.java:235)
	at org.junit.runners.ParentRunner.run(ParentRunner.java:363)
	at org.apache.maven.surefire.junit4.JUnit4Provider.execute(JUnit4Provider.java:252)
	at org.apache.maven.surefire.junit4.JUnit4Provider.executeTestSet(JUnit4Provider.java:141)
	at org.apache.maven.surefire.junit4.JUnit4Provider.invoke(JUnit4Provider.java:112)
	at sun.reflect.NativeMethodAccessorImpl.invoke0(Native Method)
	at sun.reflect.NativeMethodAccessorImpl.invoke(NativeMethodAccessorImpl.java:62)
	at sun.reflect.DelegatingMethodAccessorImpl.invoke(DelegatingMethodAccessorImpl.java:43)
	at java.lang.reflect.Method.invoke(Method.java:498)
	at org.apache.maven.surefire.util.ReflectionUtils.invokeMethodWithArray(ReflectionUtils.java:189)
	at org.apache.maven.surefire.booter.ProviderFactory$ProviderProxy.invoke(ProviderFactory.java:165)
	at org.apache.maven.surefire.booter.ProviderFactory.invokeProvider(ProviderFactory.java:85)
	at org.apache.maven.surefire.booter.ForkedBooter.runSuitesInProcess(ForkedBooter.java:115)
	at org.apache.maven.surefire.booter.ForkedBooter.main(ForkedBooter.java:75)

</system-out>
  </testcase>
  <testcase classname="Search products in mercadolibrecomar and with different validations2 #3" name="The result resultados are displayed trueFravega" time="0">
    <skipped/>
    <system-out>  When User search a product with price betwen 200000 and 300000Fravega                # null
</system-out>
  </testcase>
  <testcase classname="Search products in mercadolibrecomar and with different validations2 #3" name="Search products in mercadolibrecomar and with different validations2 #3" time="0.005">
    <error message="&quot;User is on the result page of searching TV 4kFravega&quot; matches more than one step definition:
  &quot;^User is on the result page of searching (.+)$&quot; in stepDefinitions.stepDefinitionTest.user_is_on_the_result_page_of_searching(java.lang.String)
  &quot;^User is on the result page of searching (.+)Fravega$&quot; in stepDefinitions.stepDefinitionTest.user_is_on_the_result_page_of_searchingFravega(java.lang.String)" type="io.cucumber.core.runner.AmbiguousStepDefinitionsException">io.cucumber.core.runner.AmbiguousStepDefinitionsException: &quot;User is on the result page of searching TV 4kFravega&quot; matches more than one step definition:
  &quot;^User is on the result page of searching (.+)$&quot; in stepDefinitions.stepDefinitionTest.user_is_on_the_result_page_of_searching(java.lang.String)
  &quot;^User is on the result page of searching (.+)Fravega$&quot; in stepDefinitions.stepDefinitionTest.user_is_on_the_result_page_of_searchingFravega(java.lang.String)
	at io.cucumber.core.runner.CachingGlue.findStepDefinitionMatch(CachingGlue.java:373)
	at io.cucumber.core.runner.CachingGlue.stepDefinitionMatch(CachingGlue.java:341)
	at io.cucumber.core.runner.Runner.matchStepToStepDefinition(Runner.java:148)
	at io.cucumber.core.runner.Runner.createTestStepsForPickleSteps(Runner.java:128)
	at io.cucumber.core.runner.Runner.createTestCaseForPickle(Runner.java:111)
	at io.cucumber.core.runner.Runner.runPickle(Runner.java:72)
	at io.cucumber.junit.PickleRunners$WithStepDescriptions.run(PickleRunners.java:110)
	at io.cucumber.junit.FeatureRunner.runChild(FeatureRunner.java:135)
	at io.cucumber.junit.FeatureRunner.runChild(FeatureRunner.java:27)
	at org.junit.runners.ParentRunner$3.run(ParentRunner.java:290)
	at org.junit.runners.ParentRunner$1.schedule(ParentRunner.java:71)
	at org.junit.runners.ParentRunner.runChildren(ParentRunner.java:288)
	at org.junit.runners.ParentRunner.access$000(ParentRunner.java:58)
	at org.junit.runners.ParentRunner$2.evaluate(ParentRunner.java:268)
	at org.junit.runners.ParentRunner.run(ParentRunner.java:363)
	at io.cucumber.junit.Cucumber.runChild(Cucumber.java:200)
	at io.cucumber.junit.Cucumber.runChild(Cucumber.java:90)
	at org.junit.runners.ParentRunner$3.run(ParentRunner.java:290)
	at org.junit.runners.ParentRunner$1.schedule(ParentRunner.java:71)
	at org.junit.runners.ParentRunner.runChildren(ParentRunner.java:288)
	at org.junit.runners.ParentRunner.access$000(ParentRunner.java:58)
	at org.junit.runners.ParentRunner$2.evaluate(ParentRunner.java:268)
	at io.cucumber.junit.Cucumber$RunCucumber.evaluate(Cucumber.java:235)
	at org.junit.runners.ParentRunner.run(ParentRunner.java:363)
	at org.apache.maven.surefire.junit4.JUnit4Provider.execute(JUnit4Provider.java:252)
	at org.apache.maven.surefire.junit4.JUnit4Provider.executeTestSet(JUnit4Provider.java:141)
	at org.apache.maven.surefire.junit4.JUnit4Provider.invoke(JUnit4Provider.java:112)
	at sun.reflect.NativeMethodAccessorImpl.invoke0(Native Method)
	at sun.reflect.NativeMethodAccessorImpl.invoke(NativeMethodAccessorImpl.java:62)
	at sun.reflect.DelegatingMethodAccessorImpl.invoke(DelegatingMethodAccessorImpl.java:43)
	at java.lang.reflect.Method.invoke(Method.java:498)
	at org.apache.maven.surefire.util.ReflectionUtils.invokeMethodWithArray(ReflectionUtils.java:189)
	at org.apache.maven.surefire.booter.ProviderFactory$ProviderProxy.invoke(ProviderFactory.java:165)
	at org.apache.maven.surefire.booter.ProviderFactory.invokeProvider(ProviderFactory.java:85)
	at org.apache.maven.surefire.booter.ForkedBooter.runSuitesInProcess(ForkedBooter.java:115)
	at org.apache.maven.surefire.booter.ForkedBooter.main(ForkedBooter.java:75)
</error>
    <system-out>  Then The result resultados are displayed trueFravega                                 # null
      java.lang.NullPointerException
	at stepDefinitions.Hooks.after_regressionTestFravega(Hooks.java:57)

</system-out>
  </testcase>
  <testcase classname="Search products in mercadolibrecomar and with different validations2 #3" name="Search products in mercadolibrecomar and with different validations2 #3" time="0.005">
    <error type="java.lang.NullPointerException">java.lang.NullPointerException
	at stepDefinitions.Hooks.after_regressionTestFravega(Hooks.java:57)
</error>
  </testcase>
  <testcase classname="Search products in mercadolibrecomar and with different validations2 #4" name="User is on the result page of searching TV 4kFravega" time="0.003">
    <error message="&quot;User is on the result page of searching TV 4kFravega&quot; matches more than one step definition:
  &quot;^User is on the result page of searching (.+)$&quot; in stepDefinitions.stepDefinitionTest.user_is_on_the_result_page_of_searching(java.lang.String)
  &quot;^User is on the result page of searching (.+)Fravega$&quot; in stepDefinitions.stepDefinitionTest.user_is_on_the_result_page_of_searchingFravega(java.lang.String)" type="io.cucumber.core.runner.AmbiguousStepDefinitionsException">io.cucumber.core.runner.AmbiguousStepDefinitionsException: &quot;User is on the result page of searching TV 4kFravega&quot; matches more than one step definition:
  &quot;^User is on the result page of searching (.+)$&quot; in stepDefinitions.stepDefinitionTest.user_is_on_the_result_page_of_searching(java.lang.String)
  &quot;^User is on the result page of searching (.+)Fravega$&quot; in stepDefinitions.stepDefinitionTest.user_is_on_the_result_page_of_searchingFravega(java.lang.String)
	at io.cucumber.core.runner.CachingGlue.findStepDefinitionMatch(CachingGlue.java:373)
	at io.cucumber.core.runner.CachingGlue.stepDefinitionMatch(CachingGlue.java:341)
	at io.cucumber.core.runner.Runner.matchStepToStepDefinition(Runner.java:148)
	at io.cucumber.core.runner.Runner.createTestStepsForPickleSteps(Runner.java:128)
	at io.cucumber.core.runner.Runner.createTestCaseForPickle(Runner.java:111)
	at io.cucumber.core.runner.Runner.runPickle(Runner.java:72)
	at io.cucumber.junit.PickleRunners$WithStepDescriptions.run(PickleRunners.java:110)
	at io.cucumber.junit.FeatureRunner.runChild(FeatureRunner.java:135)
	at io.cucumber.junit.FeatureRunner.runChild(FeatureRunner.java:27)
	at org.junit.runners.ParentRunner$3.run(ParentRunner.java:290)
	at org.junit.runners.ParentRunner$1.schedule(ParentRunner.java:71)
	at org.junit.runners.ParentRunner.runChildren(ParentRunner.java:288)
	at org.junit.runners.ParentRunner.access$000(ParentRunner.java:58)
	at org.junit.runners.ParentRunner$2.evaluate(ParentRunner.java:268)
	at org.junit.runners.ParentRunner.run(ParentRunner.java:363)
	at io.cucumber.junit.Cucumber.runChild(Cucumber.java:200)
	at io.cucumber.junit.Cucumber.runChild(Cucumber.java:90)
	at org.junit.runners.ParentRunner$3.run(ParentRunner.java:290)
	at org.junit.runners.ParentRunner$1.schedule(ParentRunner.java:71)
	at org.junit.runners.ParentRunner.runChildren(ParentRunner.java:288)
	at org.junit.runners.ParentRunner.access$000(ParentRunner.java:58)
	at org.junit.runners.ParentRunner$2.evaluate(ParentRunner.java:268)
	at io.cucumber.junit.Cucumber$RunCucumber.evaluate(Cucumber.java:235)
	at org.junit.runners.ParentRunner.run(ParentRunner.java:363)
	at org.apache.maven.surefire.junit4.JUnit4Provider.execute(JUnit4Provider.java:252)
	at org.apache.maven.surefire.junit4.JUnit4Provider.executeTestSet(JUnit4Provider.java:141)
	at org.apache.maven.surefire.junit4.JUnit4Provider.invoke(JUnit4Provider.java:112)
	at sun.reflect.NativeMethodAccessorImpl.invoke0(Native Method)
	at sun.reflect.NativeMethodAccessorImpl.invoke(NativeMethodAccessorImpl.java:62)
	at sun.reflect.DelegatingMethodAccessorImpl.invoke(DelegatingMethodAccessorImpl.java:43)
	at java.lang.reflect.Method.invoke(Method.java:498)
	at org.apache.maven.surefire.util.ReflectionUtils.invokeMethodWithArray(ReflectionUtils.java:189)
	at org.apache.maven.surefire.booter.ProviderFactory$ProviderProxy.invoke(ProviderFactory.java:165)
	at org.apache.maven.surefire.booter.ProviderFactory.invokeProvider(ProviderFactory.java:85)
	at org.apache.maven.surefire.booter.ForkedBooter.runSuitesInProcess(ForkedBooter.java:115)
	at org.apache.maven.surefire.booter.ForkedBooter.main(ForkedBooter.java:75)
</error>
    <system-out>
@MercadoLibre @RegressionTestFravega
Scenario Outline: Search products in mercadolibrecomar and with different validations2 # src/test/java/features/Search.feature:75
</system-out>
  </testcase>
  <testcase classname="Search products in mercadolibrecomar and with different validations2 #4" name="User search a product with price betwen 600000 and 700000Fravega" time="0">
    <skipped/>
    <system-out>  Given User is on the result page of searching TV 4kFravega                           # null
      io.cucumber.core.runner.AmbiguousStepDefinitionsException: &quot;User is on the result page of searching TV 4kFravega&quot; matches more than one step definition:
  &quot;^User is on the result page of searching (.+)$&quot; in stepDefinitions.stepDefinitionTest.user_is_on_the_result_page_of_searching(java.lang.String)
  &quot;^User is on the result page of searching (.+)Fravega$&quot; in stepDefinitions.stepDefinitionTest.user_is_on_the_result_page_of_searchingFravega(java.lang.String)
	at io.cucumber.core.runner.CachingGlue.findStepDefinitionMatch(CachingGlue.java:373)
	at io.cucumber.core.runner.CachingGlue.stepDefinitionMatch(CachingGlue.java:341)
	at io.cucumber.core.runner.Runner.matchStepToStepDefinition(Runner.java:148)
	at io.cucumber.core.runner.Runner.createTestStepsForPickleSteps(Runner.java:128)
	at io.cucumber.core.runner.Runner.createTestCaseForPickle(Runner.java:111)
	at io.cucumber.core.runner.Runner.runPickle(Runner.java:72)
	at io.cucumber.junit.PickleRunners$WithStepDescriptions.run(PickleRunners.java:110)
	at io.cucumber.junit.FeatureRunner.runChild(FeatureRunner.java:135)
	at io.cucumber.junit.FeatureRunner.runChild(FeatureRunner.java:27)
	at org.junit.runners.ParentRunner$3.run(ParentRunner.java:290)
	at org.junit.runners.ParentRunner$1.schedule(ParentRunner.java:71)
	at org.junit.runners.ParentRunner.runChildren(ParentRunner.java:288)
	at org.junit.runners.ParentRunner.access$000(ParentRunner.java:58)
	at org.junit.runners.ParentRunner$2.evaluate(ParentRunner.java:268)
	at org.junit.runners.ParentRunner.run(ParentRunner.java:363)
	at io.cucumber.junit.Cucumber.runChild(Cucumber.java:200)
	at io.cucumber.junit.Cucumber.runChild(Cucumber.java:90)
	at org.junit.runners.ParentRunner$3.run(ParentRunner.java:290)
	at org.junit.runners.ParentRunner$1.schedule(ParentRunner.java:71)
	at org.junit.runners.ParentRunner.runChildren(ParentRunner.java:288)
	at org.junit.runners.ParentRunner.access$000(ParentRunner.java:58)
	at org.junit.runners.ParentRunner$2.evaluate(ParentRunner.java:268)
	at io.cucumber.junit.Cucumber$RunCucumber.evaluate(Cucumber.java:235)
	at org.junit.runners.ParentRunner.run(ParentRunner.java:363)
	at org.apache.maven.surefire.junit4.JUnit4Provider.execute(JUnit4Provider.java:252)
	at org.apache.maven.surefire.junit4.JUnit4Provider.executeTestSet(JUnit4Provider.java:141)
	at org.apache.maven.surefire.junit4.JUnit4Provider.invoke(JUnit4Provider.java:112)
	at sun.reflect.NativeMethodAccessorImpl.invoke0(Native Method)
	at sun.reflect.NativeMethodAccessorImpl.invoke(NativeMethodAccessorImpl.java:62)
	at sun.reflect.DelegatingMethodAccessorImpl.invoke(DelegatingMethodAccessorImpl.java:43)
	at java.lang.reflect.Method.invoke(Method.java:498)
	at org.apache.maven.surefire.util.ReflectionUtils.invokeMethodWithArray(ReflectionUtils.java:189)
	at org.apache.maven.surefire.booter.ProviderFactory$ProviderProxy.invoke(ProviderFactory.java:165)
	at org.apache.maven.surefire.booter.ProviderFactory.invokeProvider(ProviderFactory.java:85)
	at org.apache.maven.surefire.booter.ForkedBooter.runSuitesInProcess(ForkedBooter.java:115)
	at org.apache.maven.surefire.booter.ForkedBooter.main(ForkedBooter.java:75)

</system-out>
  </testcase>
  <testcase classname="Search products in mercadolibrecomar and with different validations2 #4" name="The result no hay resultados are displayed failFravega" time="0">
    <skipped/>
    <system-out>  When User search a product with price betwen 600000 and 700000Fravega                # null
</system-out>
  </testcase>
  <testcase classname="Search products in mercadolibrecomar and with different validations2 #4" name="Search products in mercadolibrecomar and with different validations2 #4" time="0">
    <error message="&quot;User is on the result page of searching TV 4kFravega&quot; matches more than one step definition:
  &quot;^User is on the result page of searching (.+)$&quot; in stepDefinitions.stepDefinitionTest.user_is_on_the_result_page_of_searching(java.lang.String)
  &quot;^User is on the result page of searching (.+)Fravega$&quot; in stepDefinitions.stepDefinitionTest.user_is_on_the_result_page_of_searchingFravega(java.lang.String)" type="io.cucumber.core.runner.AmbiguousStepDefinitionsException">io.cucumber.core.runner.AmbiguousStepDefinitionsException: &quot;User is on the result page of searching TV 4kFravega&quot; matches more than one step definition:
  &quot;^User is on the result page of searching (.+)$&quot; in stepDefinitions.stepDefinitionTest.user_is_on_the_result_page_of_searching(java.lang.String)
  &quot;^User is on the result page of searching (.+)Fravega$&quot; in stepDefinitions.stepDefinitionTest.user_is_on_the_result_page_of_searchingFravega(java.lang.String)
	at io.cucumber.core.runner.CachingGlue.findStepDefinitionMatch(CachingGlue.java:373)
	at io.cucumber.core.runner.CachingGlue.stepDefinitionMatch(CachingGlue.java:341)
	at io.cucumber.core.runner.Runner.matchStepToStepDefinition(Runner.java:148)
	at io.cucumber.core.runner.Runner.createTestStepsForPickleSteps(Runner.java:128)
	at io.cucumber.core.runner.Runner.createTestCaseForPickle(Runner.java:111)
	at io.cucumber.core.runner.Runner.runPickle(Runner.java:72)
	at io.cucumber.junit.PickleRunners$WithStepDescriptions.run(PickleRunners.java:110)
	at io.cucumber.junit.FeatureRunner.runChild(FeatureRunner.java:135)
	at io.cucumber.junit.FeatureRunner.runChild(FeatureRunner.java:27)
	at org.junit.runners.ParentRunner$3.run(ParentRunner.java:290)
	at org.junit.runners.ParentRunner$1.schedule(ParentRunner.java:71)
	at org.junit.runners.ParentRunner.runChildren(ParentRunner.java:288)
	at org.junit.runners.ParentRunner.access$000(ParentRunner.java:58)
	at org.junit.runners.ParentRunner$2.evaluate(ParentRunner.java:268)
	at org.junit.runners.ParentRunner.run(ParentRunner.java:363)
	at io.cucumber.junit.Cucumber.runChild(Cucumber.java:200)
	at io.cucumber.junit.Cucumber.runChild(Cucumber.java:90)
	at org.junit.runners.ParentRunner$3.run(ParentRunner.java:290)
	at org.junit.runners.ParentRunner$1.schedule(ParentRunner.java:71)
	at org.junit.runners.ParentRunner.runChildren(ParentRunner.java:288)
	at org.junit.runners.ParentRunner.access$000(ParentRunner.java:58)
	at org.junit.runners.ParentRunner$2.evaluate(ParentRunner.java:268)
	at io.cucumber.junit.Cucumber$RunCucumber.evaluate(Cucumber.java:235)
	at org.junit.runners.ParentRunner.run(ParentRunner.java:363)
	at org.apache.maven.surefire.junit4.JUnit4Provider.execute(JUnit4Provider.java:252)
	at org.apache.maven.surefire.junit4.JUnit4Provider.executeTestSet(JUnit4Provider.java:141)
	at org.apache.maven.surefire.junit4.JUnit4Provider.invoke(JUnit4Provider.java:112)
	at sun.reflect.NativeMethodAccessorImpl.invoke0(Native Method)
	at sun.reflect.NativeMethodAccessorImpl.invoke(NativeMethodAccessorImpl.java:62)
	at sun.reflect.DelegatingMethodAccessorImpl.invoke(DelegatingMethodAccessorImpl.java:43)
	at java.lang.reflect.Method.invoke(Method.java:498)
	at org.apache.maven.surefire.util.ReflectionUtils.invokeMethodWithArray(ReflectionUtils.java:189)
	at org.apache.maven.surefire.booter.ProviderFactory$ProviderProxy.invoke(ProviderFactory.java:165)
	at org.apache.maven.surefire.booter.ProviderFactory.invokeProvider(ProviderFactory.java:85)
	at org.apache.maven.surefire.booter.ForkedBooter.runSuitesInProcess(ForkedBooter.java:115)
	at org.apache.maven.surefire.booter.ForkedBooter.main(ForkedBooter.java:75)
</error>
    <system-out>  Then The result no hay resultados are displayed failFravega                          # null
      java.lang.NullPointerException
	at stepDefinitions.Hooks.after_regressionTestFravega(Hooks.java:57)

</system-out>
  </testcase>
  <testcase classname="Search products in mercadolibrecomar and with different validations2 #4" name="Search products in mercadolibrecomar and with different validations2 #4" time="0">
    <error type="java.lang.NullPointerException">java.lang.NullPointerException
	at stepDefinitions.Hooks.after_regressionTestFravega(Hooks.java:57)
</error>
  </testcase>
  <testcase classname="Search products in mercadolibrecomar and with different validations2 #5" name="User is on the result page of searching notebookFravega" time="0">
    <error message="&quot;User is on the result page of searching notebookFravega&quot; matches more than one step definition:
  &quot;^User is on the result page of searching (.+)$&quot; in stepDefinitions.stepDefinitionTest.user_is_on_the_result_page_of_searching(java.lang.String)
  &quot;^User is on the result page of searching (.+)Fravega$&quot; in stepDefinitions.stepDefinitionTest.user_is_on_the_result_page_of_searchingFravega(java.lang.String)" type="io.cucumber.core.runner.AmbiguousStepDefinitionsException">io.cucumber.core.runner.AmbiguousStepDefinitionsException: &quot;User is on the result page of searching notebookFravega&quot; matches more than one step definition:
  &quot;^User is on the result page of searching (.+)$&quot; in stepDefinitions.stepDefinitionTest.user_is_on_the_result_page_of_searching(java.lang.String)
  &quot;^User is on the result page of searching (.+)Fravega$&quot; in stepDefinitions.stepDefinitionTest.user_is_on_the_result_page_of_searchingFravega(java.lang.String)
	at io.cucumber.core.runner.CachingGlue.findStepDefinitionMatch(CachingGlue.java:373)
	at io.cucumber.core.runner.CachingGlue.stepDefinitionMatch(CachingGlue.java:341)
	at io.cucumber.core.runner.Runner.matchStepToStepDefinition(Runner.java:148)
	at io.cucumber.core.runner.Runner.createTestStepsForPickleSteps(Runner.java:128)
	at io.cucumber.core.runner.Runner.createTestCaseForPickle(Runner.java:111)
	at io.cucumber.core.runner.Runner.runPickle(Runner.java:72)
	at io.cucumber.junit.PickleRunners$WithStepDescriptions.run(PickleRunners.java:110)
	at io.cucumber.junit.FeatureRunner.runChild(FeatureRunner.java:135)
	at io.cucumber.junit.FeatureRunner.runChild(FeatureRunner.java:27)
	at org.junit.runners.ParentRunner$3.run(ParentRunner.java:290)
	at org.junit.runners.ParentRunner$1.schedule(ParentRunner.java:71)
	at org.junit.runners.ParentRunner.runChildren(ParentRunner.java:288)
	at org.junit.runners.ParentRunner.access$000(ParentRunner.java:58)
	at org.junit.runners.ParentRunner$2.evaluate(ParentRunner.java:268)
	at org.junit.runners.ParentRunner.run(ParentRunner.java:363)
	at io.cucumber.junit.Cucumber.runChild(Cucumber.java:200)
	at io.cucumber.junit.Cucumber.runChild(Cucumber.java:90)
	at org.junit.runners.ParentRunner$3.run(ParentRunner.java:290)
	at org.junit.runners.ParentRunner$1.schedule(ParentRunner.java:71)
	at org.junit.runners.ParentRunner.runChildren(ParentRunner.java:288)
	at org.junit.runners.ParentRunner.access$000(ParentRunner.java:58)
	at org.junit.runners.ParentRunner$2.evaluate(ParentRunner.java:268)
	at io.cucumber.junit.Cucumber$RunCucumber.evaluate(Cucumber.java:235)
	at org.junit.runners.ParentRunner.run(ParentRunner.java:363)
	at org.apache.maven.surefire.junit4.JUnit4Provider.execute(JUnit4Provider.java:252)
	at org.apache.maven.surefire.junit4.JUnit4Provider.executeTestSet(JUnit4Provider.java:141)
	at org.apache.maven.surefire.junit4.JUnit4Provider.invoke(JUnit4Provider.java:112)
	at sun.reflect.NativeMethodAccessorImpl.invoke0(Native Method)
	at sun.reflect.NativeMethodAccessorImpl.invoke(NativeMethodAccessorImpl.java:62)
	at sun.reflect.DelegatingMethodAccessorImpl.invoke(DelegatingMethodAccessorImpl.java:43)
	at java.lang.reflect.Method.invoke(Method.java:498)
	at org.apache.maven.surefire.util.ReflectionUtils.invokeMethodWithArray(ReflectionUtils.java:189)
	at org.apache.maven.surefire.booter.ProviderFactory$ProviderProxy.invoke(ProviderFactory.java:165)
	at org.apache.maven.surefire.booter.ProviderFactory.invokeProvider(ProviderFactory.java:85)
	at org.apache.maven.surefire.booter.ForkedBooter.runSuitesInProcess(ForkedBooter.java:115)
	at org.apache.maven.surefire.booter.ForkedBooter.main(ForkedBooter.java:75)
</error>
    <system-out>
@MercadoLibre @RegressionTestFravega
Scenario Outline: Search products in mercadolibrecomar and with different validations2 # src/test/java/features/Search.feature:76
</system-out>
  </testcase>
  <testcase classname="Search products in mercadolibrecomar and with different validations2 #5" name="User search a product with price betwen 50000 and 100000Fravega" time="0">
    <skipped/>
    <system-out>  Given User is on the result page of searching notebookFravega                        # null
      io.cucumber.core.runner.AmbiguousStepDefinitionsException: &quot;User is on the result page of searching notebookFravega&quot; matches more than one step definition:
  &quot;^User is on the result page of searching (.+)$&quot; in stepDefinitions.stepDefinitionTest.user_is_on_the_result_page_of_searching(java.lang.String)
  &quot;^User is on the result page of searching (.+)Fravega$&quot; in stepDefinitions.stepDefinitionTest.user_is_on_the_result_page_of_searchingFravega(java.lang.String)
	at io.cucumber.core.runner.CachingGlue.findStepDefinitionMatch(CachingGlue.java:373)
	at io.cucumber.core.runner.CachingGlue.stepDefinitionMatch(CachingGlue.java:341)
	at io.cucumber.core.runner.Runner.matchStepToStepDefinition(Runner.java:148)
	at io.cucumber.core.runner.Runner.createTestStepsForPickleSteps(Runner.java:128)
	at io.cucumber.core.runner.Runner.createTestCaseForPickle(Runner.java:111)
	at io.cucumber.core.runner.Runner.runPickle(Runner.java:72)
	at io.cucumber.junit.PickleRunners$WithStepDescriptions.run(PickleRunners.java:110)
	at io.cucumber.junit.FeatureRunner.runChild(FeatureRunner.java:135)
	at io.cucumber.junit.FeatureRunner.runChild(FeatureRunner.java:27)
	at org.junit.runners.ParentRunner$3.run(ParentRunner.java:290)
	at org.junit.runners.ParentRunner$1.schedule(ParentRunner.java:71)
	at org.junit.runners.ParentRunner.runChildren(ParentRunner.java:288)
	at org.junit.runners.ParentRunner.access$000(ParentRunner.java:58)
	at org.junit.runners.ParentRunner$2.evaluate(ParentRunner.java:268)
	at org.junit.runners.ParentRunner.run(ParentRunner.java:363)
	at io.cucumber.junit.Cucumber.runChild(Cucumber.java:200)
	at io.cucumber.junit.Cucumber.runChild(Cucumber.java:90)
	at org.junit.runners.ParentRunner$3.run(ParentRunner.java:290)
	at org.junit.runners.ParentRunner$1.schedule(ParentRunner.java:71)
	at org.junit.runners.ParentRunner.runChildren(ParentRunner.java:288)
	at org.junit.runners.ParentRunner.access$000(ParentRunner.java:58)
	at org.junit.runners.ParentRunner$2.evaluate(ParentRunner.java:268)
	at io.cucumber.junit.Cucumber$RunCucumber.evaluate(Cucumber.java:235)
	at org.junit.runners.ParentRunner.run(ParentRunner.java:363)
	at org.apache.maven.surefire.junit4.JUnit4Provider.execute(JUnit4Provider.java:252)
	at org.apache.maven.surefire.junit4.JUnit4Provider.executeTestSet(JUnit4Provider.java:141)
	at org.apache.maven.surefire.junit4.JUnit4Provider.invoke(JUnit4Provider.java:112)
	at sun.reflect.NativeMethodAccessorImpl.invoke0(Native Method)
	at sun.reflect.NativeMethodAccessorImpl.invoke(NativeMethodAccessorImpl.java:62)
	at sun.reflect.DelegatingMethodAccessorImpl.invoke(DelegatingMethodAccessorImpl.java:43)
	at java.lang.reflect.Method.invoke(Method.java:498)
	at org.apache.maven.surefire.util.ReflectionUtils.invokeMethodWithArray(ReflectionUtils.java:189)
	at org.apache.maven.surefire.booter.ProviderFactory$ProviderProxy.invoke(ProviderFactory.java:165)
	at org.apache.maven.surefire.booter.ProviderFactory.invokeProvider(ProviderFactory.java:85)
	at org.apache.maven.surefire.booter.ForkedBooter.runSuitesInProcess(ForkedBooter.java:115)
	at org.apache.maven.surefire.booter.ForkedBooter.main(ForkedBooter.java:75)

</system-out>
  </testcase>
  <testcase classname="Search products in mercadolibrecomar and with different validations2 #5" name="The result resultados are displayed trueFravega" time="0">
    <skipped/>
    <system-out>  When User search a product with price betwen 50000 and 100000Fravega                 # null
</system-out>
  </testcase>
  <testcase classname="Search products in mercadolibrecomar and with different validations2 #5" name="Search products in mercadolibrecomar and with different validations2 #5" time="0.001">
    <error message="&quot;User is on the result page of searching notebookFravega&quot; matches more than one step definition:
  &quot;^User is on the result page of searching (.+)$&quot; in stepDefinitions.stepDefinitionTest.user_is_on_the_result_page_of_searching(java.lang.String)
  &quot;^User is on the result page of searching (.+)Fravega$&quot; in stepDefinitions.stepDefinitionTest.user_is_on_the_result_page_of_searchingFravega(java.lang.String)" type="io.cucumber.core.runner.AmbiguousStepDefinitionsException">io.cucumber.core.runner.AmbiguousStepDefinitionsException: &quot;User is on the result page of searching notebookFravega&quot; matches more than one step definition:
  &quot;^User is on the result page of searching (.+)$&quot; in stepDefinitions.stepDefinitionTest.user_is_on_the_result_page_of_searching(java.lang.String)
  &quot;^User is on the result page of searching (.+)Fravega$&quot; in stepDefinitions.stepDefinitionTest.user_is_on_the_result_page_of_searchingFravega(java.lang.String)
	at io.cucumber.core.runner.CachingGlue.findStepDefinitionMatch(CachingGlue.java:373)
	at io.cucumber.core.runner.CachingGlue.stepDefinitionMatch(CachingGlue.java:341)
	at io.cucumber.core.runner.Runner.matchStepToStepDefinition(Runner.java:148)
	at io.cucumber.core.runner.Runner.createTestStepsForPickleSteps(Runner.java:128)
	at io.cucumber.core.runner.Runner.createTestCaseForPickle(Runner.java:111)
	at io.cucumber.core.runner.Runner.runPickle(Runner.java:72)
	at io.cucumber.junit.PickleRunners$WithStepDescriptions.run(PickleRunners.java:110)
	at io.cucumber.junit.FeatureRunner.runChild(FeatureRunner.java:135)
	at io.cucumber.junit.FeatureRunner.runChild(FeatureRunner.java:27)
	at org.junit.runners.ParentRunner$3.run(ParentRunner.java:290)
	at org.junit.runners.ParentRunner$1.schedule(ParentRunner.java:71)
	at org.junit.runners.ParentRunner.runChildren(ParentRunner.java:288)
	at org.junit.runners.ParentRunner.access$000(ParentRunner.java:58)
	at org.junit.runners.ParentRunner$2.evaluate(ParentRunner.java:268)
	at org.junit.runners.ParentRunner.run(ParentRunner.java:363)
	at io.cucumber.junit.Cucumber.runChild(Cucumber.java:200)
	at io.cucumber.junit.Cucumber.runChild(Cucumber.java:90)
	at org.junit.runners.ParentRunner$3.run(ParentRunner.java:290)
	at org.junit.runners.ParentRunner$1.schedule(ParentRunner.java:71)
	at org.junit.runners.ParentRunner.runChildren(ParentRunner.java:288)
	at org.junit.runners.ParentRunner.access$000(ParentRunner.java:58)
	at org.junit.runners.ParentRunner$2.evaluate(ParentRunner.java:268)
	at io.cucumber.junit.Cucumber$RunCucumber.evaluate(Cucumber.java:235)
	at org.junit.runners.ParentRunner.run(ParentRunner.java:363)
	at org.apache.maven.surefire.junit4.JUnit4Provider.execute(JUnit4Provider.java:252)
	at org.apache.maven.surefire.junit4.JUnit4Provider.executeTestSet(JUnit4Provider.java:141)
	at org.apache.maven.surefire.junit4.JUnit4Provider.invoke(JUnit4Provider.java:112)
	at sun.reflect.NativeMethodAccessorImpl.invoke0(Native Method)
	at sun.reflect.NativeMethodAccessorImpl.invoke(NativeMethodAccessorImpl.java:62)
	at sun.reflect.DelegatingMethodAccessorImpl.invoke(DelegatingMethodAccessorImpl.java:43)
	at java.lang.reflect.Method.invoke(Method.java:498)
	at org.apache.maven.surefire.util.ReflectionUtils.invokeMethodWithArray(ReflectionUtils.java:189)
	at org.apache.maven.surefire.booter.ProviderFactory$ProviderProxy.invoke(ProviderFactory.java:165)
	at org.apache.maven.surefire.booter.ProviderFactory.invokeProvider(ProviderFactory.java:85)
	at org.apache.maven.surefire.booter.ForkedBooter.runSuitesInProcess(ForkedBooter.java:115)
	at org.apache.maven.surefire.booter.ForkedBooter.main(ForkedBooter.java:75)
</error>
    <system-out>  Then The result resultados are displayed trueFravega                                 # null
      java.lang.NullPointerException
	at stepDefinitions.Hooks.after_regressionTestFravega(Hooks.java:57)

</system-out>
  </testcase>
  <testcase classname="Search products in mercadolibrecomar and with different validations2 #5" name="Search products in mercadolibrecomar and with different validations2 #5" time="0.002">
    <error type="java.lang.NullPointerException">java.lang.NullPointerException
	at stepDefinitions.Hooks.after_regressionTestFravega(Hooks.java:57)
</error>
  </testcase>
  <testcase classname="Search products in mercadolibrecomar and with different validations2 #6" name="User is on the result page of searching notebookFravega" time="0.039">
    <error message="&quot;User is on the result page of searching notebookFravega&quot; matches more than one step definition:
  &quot;^User is on the result page of searching (.+)$&quot; in stepDefinitions.stepDefinitionTest.user_is_on_the_result_page_of_searching(java.lang.String)
  &quot;^User is on the result page of searching (.+)Fravega$&quot; in stepDefinitions.stepDefinitionTest.user_is_on_the_result_page_of_searchingFravega(java.lang.String)" type="io.cucumber.core.runner.AmbiguousStepDefinitionsException">io.cucumber.core.runner.AmbiguousStepDefinitionsException: &quot;User is on the result page of searching notebookFravega&quot; matches more than one step definition:
  &quot;^User is on the result page of searching (.+)$&quot; in stepDefinitions.stepDefinitionTest.user_is_on_the_result_page_of_searching(java.lang.String)
  &quot;^User is on the result page of searching (.+)Fravega$&quot; in stepDefinitions.stepDefinitionTest.user_is_on_the_result_page_of_searchingFravega(java.lang.String)
	at io.cucumber.core.runner.CachingGlue.findStepDefinitionMatch(CachingGlue.java:373)
	at io.cucumber.core.runner.CachingGlue.stepDefinitionMatch(CachingGlue.java:341)
	at io.cucumber.core.runner.Runner.matchStepToStepDefinition(Runner.java:148)
	at io.cucumber.core.runner.Runner.createTestStepsForPickleSteps(Runner.java:128)
	at io.cucumber.core.runner.Runner.createTestCaseForPickle(Runner.java:111)
	at io.cucumber.core.runner.Runner.runPickle(Runner.java:72)
	at io.cucumber.junit.PickleRunners$WithStepDescriptions.run(PickleRunners.java:110)
	at io.cucumber.junit.FeatureRunner.runChild(FeatureRunner.java:135)
	at io.cucumber.junit.FeatureRunner.runChild(FeatureRunner.java:27)
	at org.junit.runners.ParentRunner$3.run(ParentRunner.java:290)
	at org.junit.runners.ParentRunner$1.schedule(ParentRunner.java:71)
	at org.junit.runners.ParentRunner.runChildren(ParentRunner.java:288)
	at org.junit.runners.ParentRunner.access$000(ParentRunner.java:58)
	at org.junit.runners.ParentRunner$2.evaluate(ParentRunner.java:268)
	at org.junit.runners.ParentRunner.run(ParentRunner.java:363)
	at io.cucumber.junit.Cucumber.runChild(Cucumber.java:200)
	at io.cucumber.junit.Cucumber.runChild(Cucumber.java:90)
	at org.junit.runners.ParentRunner$3.run(ParentRunner.java:290)
	at org.junit.runners.ParentRunner$1.schedule(ParentRunner.java:71)
	at org.junit.runners.ParentRunner.runChildren(ParentRunner.java:288)
	at org.junit.runners.ParentRunner.access$000(ParentRunner.java:58)
	at org.junit.runners.ParentRunner$2.evaluate(ParentRunner.java:268)
	at io.cucumber.junit.Cucumber$RunCucumber.evaluate(Cucumber.java:235)
	at org.junit.runners.ParentRunner.run(ParentRunner.java:363)
	at org.apache.maven.surefire.junit4.JUnit4Provider.execute(JUnit4Provider.java:252)
	at org.apache.maven.surefire.junit4.JUnit4Provider.executeTestSet(JUnit4Provider.java:141)
	at org.apache.maven.surefire.junit4.JUnit4Provider.invoke(JUnit4Provider.java:112)
	at sun.reflect.NativeMethodAccessorImpl.invoke0(Native Method)
	at sun.reflect.NativeMethodAccessorImpl.invoke(NativeMethodAccessorImpl.java:62)
	at sun.reflect.DelegatingMethodAccessorImpl.invoke(DelegatingMethodAccessorImpl.java:43)
	at java.lang.reflect.Method.invoke(Method.java:498)
	at org.apache.maven.surefire.util.ReflectionUtils.invokeMethodWithArray(ReflectionUtils.java:189)
	at org.apache.maven.surefire.booter.ProviderFactory$ProviderProxy.invoke(ProviderFactory.java:165)
	at org.apache.maven.surefire.booter.ProviderFactory.invokeProvider(ProviderFactory.java:85)
	at org.apache.maven.surefire.booter.ForkedBooter.runSuitesInProcess(ForkedBooter.java:115)
	at org.apache.maven.surefire.booter.ForkedBooter.main(ForkedBooter.java:75)
</error>
    <system-out>
@MercadoLibre @RegressionTestFravega
Scenario Outline: Search products in mercadolibrecomar and with different validations2 # src/test/java/features/Search.feature:77
</system-out>
  </testcase>
  <testcase classname="Search products in mercadolibrecomar and with different validations2 #6" name="User search a product with price betwen 100000 and 200000Fravega" time="0.001">
    <skipped/>
    <system-out>  Given User is on the result page of searching notebookFravega                        # null
      io.cucumber.core.runner.AmbiguousStepDefinitionsException: &quot;User is on the result page of searching notebookFravega&quot; matches more than one step definition:
  &quot;^User is on the result page of searching (.+)$&quot; in stepDefinitions.stepDefinitionTest.user_is_on_the_result_page_of_searching(java.lang.String)
  &quot;^User is on the result page of searching (.+)Fravega$&quot; in stepDefinitions.stepDefinitionTest.user_is_on_the_result_page_of_searchingFravega(java.lang.String)
	at io.cucumber.core.runner.CachingGlue.findStepDefinitionMatch(CachingGlue.java:373)
	at io.cucumber.core.runner.CachingGlue.stepDefinitionMatch(CachingGlue.java:341)
	at io.cucumber.core.runner.Runner.matchStepToStepDefinition(Runner.java:148)
	at io.cucumber.core.runner.Runner.createTestStepsForPickleSteps(Runner.java:128)
	at io.cucumber.core.runner.Runner.createTestCaseForPickle(Runner.java:111)
	at io.cucumber.core.runner.Runner.runPickle(Runner.java:72)
	at io.cucumber.junit.PickleRunners$WithStepDescriptions.run(PickleRunners.java:110)
	at io.cucumber.junit.FeatureRunner.runChild(FeatureRunner.java:135)
	at io.cucumber.junit.FeatureRunner.runChild(FeatureRunner.java:27)
	at org.junit.runners.ParentRunner$3.run(ParentRunner.java:290)
	at org.junit.runners.ParentRunner$1.schedule(ParentRunner.java:71)
	at org.junit.runners.ParentRunner.runChildren(ParentRunner.java:288)
	at org.junit.runners.ParentRunner.access$000(ParentRunner.java:58)
	at org.junit.runners.ParentRunner$2.evaluate(ParentRunner.java:268)
	at org.junit.runners.ParentRunner.run(ParentRunner.java:363)
	at io.cucumber.junit.Cucumber.runChild(Cucumber.java:200)
	at io.cucumber.junit.Cucumber.runChild(Cucumber.java:90)
	at org.junit.runners.ParentRunner$3.run(ParentRunner.java:290)
	at org.junit.runners.ParentRunner$1.schedule(ParentRunner.java:71)
	at org.junit.runners.ParentRunner.runChildren(ParentRunner.java:288)
	at org.junit.runners.ParentRunner.access$000(ParentRunner.java:58)
	at org.junit.runners.ParentRunner$2.evaluate(ParentRunner.java:268)
	at io.cucumber.junit.Cucumber$RunCucumber.evaluate(Cucumber.java:235)
	at org.junit.runners.ParentRunner.run(ParentRunner.java:363)
	at org.apache.maven.surefire.junit4.JUnit4Provider.execute(JUnit4Provider.java:252)
	at org.apache.maven.surefire.junit4.JUnit4Provider.executeTestSet(JUnit4Provider.java:141)
	at org.apache.maven.surefire.junit4.JUnit4Provider.invoke(JUnit4Provider.java:112)
	at sun.reflect.NativeMethodAccessorImpl.invoke0(Native Method)
	at sun.reflect.NativeMethodAccessorImpl.invoke(NativeMethodAccessorImpl.java:62)
	at sun.reflect.DelegatingMethodAccessorImpl.invoke(DelegatingMethodAccessorImpl.java:43)
	at java.lang.reflect.Method.invoke(Method.java:498)
	at org.apache.maven.surefire.util.ReflectionUtils.invokeMethodWithArray(ReflectionUtils.java:189)
	at org.apache.maven.surefire.booter.ProviderFactory$ProviderProxy.invoke(ProviderFactory.java:165)
	at org.apache.maven.surefire.booter.ProviderFactory.invokeProvider(ProviderFactory.java:85)
	at org.apache.maven.surefire.booter.ForkedBooter.runSuitesInProcess(ForkedBooter.java:115)
	at org.apache.maven.surefire.booter.ForkedBooter.main(ForkedBooter.java:75)

</system-out>
  </testcase>
  <testcase classname="Search products in mercadolibrecomar and with different validations2 #6" name="The result resultados are displayed trueFravega" time="0.001">
    <skipped/>
    <system-out>  When User search a product with price betwen 100000 and 200000Fravega                # null
</system-out>
  </testcase>
  <testcase classname="Search products in mercadolibrecomar and with different validations2 #6" name="Search products in mercadolibrecomar and with different validations2 #6" time="0.002">
    <error message="&quot;User is on the result page of searching notebookFravega&quot; matches more than one step definition:
  &quot;^User is on the result page of searching (.+)$&quot; in stepDefinitions.stepDefinitionTest.user_is_on_the_result_page_of_searching(java.lang.String)
  &quot;^User is on the result page of searching (.+)Fravega$&quot; in stepDefinitions.stepDefinitionTest.user_is_on_the_result_page_of_searchingFravega(java.lang.String)" type="io.cucumber.core.runner.AmbiguousStepDefinitionsException">io.cucumber.core.runner.AmbiguousStepDefinitionsException: &quot;User is on the result page of searching notebookFravega&quot; matches more than one step definition:
  &quot;^User is on the result page of searching (.+)$&quot; in stepDefinitions.stepDefinitionTest.user_is_on_the_result_page_of_searching(java.lang.String)
  &quot;^User is on the result page of searching (.+)Fravega$&quot; in stepDefinitions.stepDefinitionTest.user_is_on_the_result_page_of_searchingFravega(java.lang.String)
	at io.cucumber.core.runner.CachingGlue.findStepDefinitionMatch(CachingGlue.java:373)
	at io.cucumber.core.runner.CachingGlue.stepDefinitionMatch(CachingGlue.java:341)
	at io.cucumber.core.runner.Runner.matchStepToStepDefinition(Runner.java:148)
	at io.cucumber.core.runner.Runner.createTestStepsForPickleSteps(Runner.java:128)
	at io.cucumber.core.runner.Runner.createTestCaseForPickle(Runner.java:111)
	at io.cucumber.core.runner.Runner.runPickle(Runner.java:72)
	at io.cucumber.junit.PickleRunners$WithStepDescriptions.run(PickleRunners.java:110)
	at io.cucumber.junit.FeatureRunner.runChild(FeatureRunner.java:135)
	at io.cucumber.junit.FeatureRunner.runChild(FeatureRunner.java:27)
	at org.junit.runners.ParentRunner$3.run(ParentRunner.java:290)
	at org.junit.runners.ParentRunner$1.schedule(ParentRunner.java:71)
	at org.junit.runners.ParentRunner.runChildren(ParentRunner.java:288)
	at org.junit.runners.ParentRunner.access$000(ParentRunner.java:58)
	at org.junit.runners.ParentRunner$2.evaluate(ParentRunner.java:268)
	at org.junit.runners.ParentRunner.run(ParentRunner.java:363)
	at io.cucumber.junit.Cucumber.runChild(Cucumber.java:200)
	at io.cucumber.junit.Cucumber.runChild(Cucumber.java:90)
	at org.junit.runners.ParentRunner$3.run(ParentRunner.java:290)
	at org.junit.runners.ParentRunner$1.schedule(ParentRunner.java:71)
	at org.junit.runners.ParentRunner.runChildren(ParentRunner.java:288)
	at org.junit.runners.ParentRunner.access$000(ParentRunner.java:58)
	at org.junit.runners.ParentRunner$2.evaluate(ParentRunner.java:268)
	at io.cucumber.junit.Cucumber$RunCucumber.evaluate(Cucumber.java:235)
	at org.junit.runners.ParentRunner.run(ParentRunner.java:363)
	at org.apache.maven.surefire.junit4.JUnit4Provider.execute(JUnit4Provider.java:252)
	at org.apache.maven.surefire.junit4.JUnit4Provider.executeTestSet(JUnit4Provider.java:141)
	at org.apache.maven.surefire.junit4.JUnit4Provider.invoke(JUnit4Provider.java:112)
	at sun.reflect.NativeMethodAccessorImpl.invoke0(Native Method)
	at sun.reflect.NativeMethodAccessorImpl.invoke(NativeMethodAccessorImpl.java:62)
	at sun.reflect.DelegatingMethodAccessorImpl.invoke(DelegatingMethodAccessorImpl.java:43)
	at java.lang.reflect.Method.invoke(Method.java:498)
	at org.apache.maven.surefire.util.ReflectionUtils.invokeMethodWithArray(ReflectionUtils.java:189)
	at org.apache.maven.surefire.booter.ProviderFactory$ProviderProxy.invoke(ProviderFactory.java:165)
	at org.apache.maven.surefire.booter.ProviderFactory.invokeProvider(ProviderFactory.java:85)
	at org.apache.maven.surefire.booter.ForkedBooter.runSuitesInProcess(ForkedBooter.java:115)
	at org.apache.maven.surefire.booter.ForkedBooter.main(ForkedBooter.java:75)
</error>
    <system-out>  Then The result resultados are displayed trueFravega                                 # null
      java.lang.NullPointerException
	at stepDefinitions.Hooks.after_regressionTestFravega(Hooks.java:57)

</system-out>
  </testcase>
  <testcase classname="Search products in mercadolibrecomar and with different validations2 #6" name="Search products in mercadolibrecomar and with different validations2 #6" time="0.003">
    <error type="java.lang.NullPointerException">java.lang.NullPointerException
	at stepDefinitions.Hooks.after_regressionTestFravega(Hooks.java:57)
</error>
  </testcase>
  <testcase classname="Search products in mercadolibrecomar and with different validations2 #7" name="User is on the result page of searching notebookFravega" time="0.001">
    <error message="&quot;User is on the result page of searching notebookFravega&quot; matches more than one step definition:
  &quot;^User is on the result page of searching (.+)$&quot; in stepDefinitions.stepDefinitionTest.user_is_on_the_result_page_of_searching(java.lang.String)
  &quot;^User is on the result page of searching (.+)Fravega$&quot; in stepDefinitions.stepDefinitionTest.user_is_on_the_result_page_of_searchingFravega(java.lang.String)" type="io.cucumber.core.runner.AmbiguousStepDefinitionsException">io.cucumber.core.runner.AmbiguousStepDefinitionsException: &quot;User is on the result page of searching notebookFravega&quot; matches more than one step definition:
  &quot;^User is on the result page of searching (.+)$&quot; in stepDefinitions.stepDefinitionTest.user_is_on_the_result_page_of_searching(java.lang.String)
  &quot;^User is on the result page of searching (.+)Fravega$&quot; in stepDefinitions.stepDefinitionTest.user_is_on_the_result_page_of_searchingFravega(java.lang.String)
	at io.cucumber.core.runner.CachingGlue.findStepDefinitionMatch(CachingGlue.java:373)
	at io.cucumber.core.runner.CachingGlue.stepDefinitionMatch(CachingGlue.java:341)
	at io.cucumber.core.runner.Runner.matchStepToStepDefinition(Runner.java:148)
	at io.cucumber.core.runner.Runner.createTestStepsForPickleSteps(Runner.java:128)
	at io.cucumber.core.runner.Runner.createTestCaseForPickle(Runner.java:111)
	at io.cucumber.core.runner.Runner.runPickle(Runner.java:72)
	at io.cucumber.junit.PickleRunners$WithStepDescriptions.run(PickleRunners.java:110)
	at io.cucumber.junit.FeatureRunner.runChild(FeatureRunner.java:135)
	at io.cucumber.junit.FeatureRunner.runChild(FeatureRunner.java:27)
	at org.junit.runners.ParentRunner$3.run(ParentRunner.java:290)
	at org.junit.runners.ParentRunner$1.schedule(ParentRunner.java:71)
	at org.junit.runners.ParentRunner.runChildren(ParentRunner.java:288)
	at org.junit.runners.ParentRunner.access$000(ParentRunner.java:58)
	at org.junit.runners.ParentRunner$2.evaluate(ParentRunner.java:268)
	at org.junit.runners.ParentRunner.run(ParentRunner.java:363)
	at io.cucumber.junit.Cucumber.runChild(Cucumber.java:200)
	at io.cucumber.junit.Cucumber.runChild(Cucumber.java:90)
	at org.junit.runners.ParentRunner$3.run(ParentRunner.java:290)
	at org.junit.runners.ParentRunner$1.schedule(ParentRunner.java:71)
	at org.junit.runners.ParentRunner.runChildren(ParentRunner.java:288)
	at org.junit.runners.ParentRunner.access$000(ParentRunner.java:58)
	at org.junit.runners.ParentRunner$2.evaluate(ParentRunner.java:268)
	at io.cucumber.junit.Cucumber$RunCucumber.evaluate(Cucumber.java:235)
	at org.junit.runners.ParentRunner.run(ParentRunner.java:363)
	at org.apache.maven.surefire.junit4.JUnit4Provider.execute(JUnit4Provider.java:252)
	at org.apache.maven.surefire.junit4.JUnit4Provider.executeTestSet(JUnit4Provider.java:141)
	at org.apache.maven.surefire.junit4.JUnit4Provider.invoke(JUnit4Provider.java:112)
	at sun.reflect.NativeMethodAccessorImpl.invoke0(Native Method)
	at sun.reflect.NativeMethodAccessorImpl.invoke(NativeMethodAccessorImpl.java:62)
	at sun.reflect.DelegatingMethodAccessorImpl.invoke(DelegatingMethodAccessorImpl.java:43)
	at java.lang.reflect.Method.invoke(Method.java:498)
	at org.apache.maven.surefire.util.ReflectionUtils.invokeMethodWithArray(ReflectionUtils.java:189)
	at org.apache.maven.surefire.booter.ProviderFactory$ProviderProxy.invoke(ProviderFactory.java:165)
	at org.apache.maven.surefire.booter.ProviderFactory.invokeProvider(ProviderFactory.java:85)
	at org.apache.maven.surefire.booter.ForkedBooter.runSuitesInProcess(ForkedBooter.java:115)
	at org.apache.maven.surefire.booter.ForkedBooter.main(ForkedBooter.java:75)
</error>
    <system-out>
@MercadoLibre @RegressionTestFravega
Scenario Outline: Search products in mercadolibrecomar and with different validations2 # src/test/java/features/Search.feature:78
</system-out>
  </testcase>
  <testcase classname="Search products in mercadolibrecomar and with different validations2 #7" name="User search a product with price betwen 200000 and 300000Fravega" time="0.001">
    <skipped/>
    <system-out>  Given User is on the result page of searching notebookFravega                        # null
      io.cucumber.core.runner.AmbiguousStepDefinitionsException: &quot;User is on the result page of searching notebookFravega&quot; matches more than one step definition:
  &quot;^User is on the result page of searching (.+)$&quot; in stepDefinitions.stepDefinitionTest.user_is_on_the_result_page_of_searching(java.lang.String)
  &quot;^User is on the result page of searching (.+)Fravega$&quot; in stepDefinitions.stepDefinitionTest.user_is_on_the_result_page_of_searchingFravega(java.lang.String)
	at io.cucumber.core.runner.CachingGlue.findStepDefinitionMatch(CachingGlue.java:373)
	at io.cucumber.core.runner.CachingGlue.stepDefinitionMatch(CachingGlue.java:341)
	at io.cucumber.core.runner.Runner.matchStepToStepDefinition(Runner.java:148)
	at io.cucumber.core.runner.Runner.createTestStepsForPickleSteps(Runner.java:128)
	at io.cucumber.core.runner.Runner.createTestCaseForPickle(Runner.java:111)
	at io.cucumber.core.runner.Runner.runPickle(Runner.java:72)
	at io.cucumber.junit.PickleRunners$WithStepDescriptions.run(PickleRunners.java:110)
	at io.cucumber.junit.FeatureRunner.runChild(FeatureRunner.java:135)
	at io.cucumber.junit.FeatureRunner.runChild(FeatureRunner.java:27)
	at org.junit.runners.ParentRunner$3.run(ParentRunner.java:290)
	at org.junit.runners.ParentRunner$1.schedule(ParentRunner.java:71)
	at org.junit.runners.ParentRunner.runChildren(ParentRunner.java:288)
	at org.junit.runners.ParentRunner.access$000(ParentRunner.java:58)
	at org.junit.runners.ParentRunner$2.evaluate(ParentRunner.java:268)
	at org.junit.runners.ParentRunner.run(ParentRunner.java:363)
	at io.cucumber.junit.Cucumber.runChild(Cucumber.java:200)
	at io.cucumber.junit.Cucumber.runChild(Cucumber.java:90)
	at org.junit.runners.ParentRunner$3.run(ParentRunner.java:290)
	at org.junit.runners.ParentRunner$1.schedule(ParentRunner.java:71)
	at org.junit.runners.ParentRunner.runChildren(ParentRunner.java:288)
	at org.junit.runners.ParentRunner.access$000(ParentRunner.java:58)
	at org.junit.runners.ParentRunner$2.evaluate(ParentRunner.java:268)
	at io.cucumber.junit.Cucumber$RunCucumber.evaluate(Cucumber.java:235)
	at org.junit.runners.ParentRunner.run(ParentRunner.java:363)
	at org.apache.maven.surefire.junit4.JUnit4Provider.execute(JUnit4Provider.java:252)
	at org.apache.maven.surefire.junit4.JUnit4Provider.executeTestSet(JUnit4Provider.java:141)
	at org.apache.maven.surefire.junit4.JUnit4Provider.invoke(JUnit4Provider.java:112)
	at sun.reflect.NativeMethodAccessorImpl.invoke0(Native Method)
	at sun.reflect.NativeMethodAccessorImpl.invoke(NativeMethodAccessorImpl.java:62)
	at sun.reflect.DelegatingMethodAccessorImpl.invoke(DelegatingMethodAccessorImpl.java:43)
	at java.lang.reflect.Method.invoke(Method.java:498)
	at org.apache.maven.surefire.util.ReflectionUtils.invokeMethodWithArray(ReflectionUtils.java:189)
	at org.apache.maven.surefire.booter.ProviderFactory$ProviderProxy.invoke(ProviderFactory.java:165)
	at org.apache.maven.surefire.booter.ProviderFactory.invokeProvider(ProviderFactory.java:85)
	at org.apache.maven.surefire.booter.ForkedBooter.runSuitesInProcess(ForkedBooter.java:115)
	at org.apache.maven.surefire.booter.ForkedBooter.main(ForkedBooter.java:75)

</system-out>
  </testcase>
  <testcase classname="Search products in mercadolibrecomar and with different validations2 #7" name="The result resultados are displayed trueFravega" time="0.001">
    <skipped/>
    <system-out>  When User search a product with price betwen 200000 and 300000Fravega                # null
</system-out>
  </testcase>
  <testcase classname="Search products in mercadolibrecomar and with different validations2 #7" name="Search products in mercadolibrecomar and with different validations2 #7" time="0.006">
    <error message="&quot;User is on the result page of searching notebookFravega&quot; matches more than one step definition:
  &quot;^User is on the result page of searching (.+)$&quot; in stepDefinitions.stepDefinitionTest.user_is_on_the_result_page_of_searching(java.lang.String)
  &quot;^User is on the result page of searching (.+)Fravega$&quot; in stepDefinitions.stepDefinitionTest.user_is_on_the_result_page_of_searchingFravega(java.lang.String)" type="io.cucumber.core.runner.AmbiguousStepDefinitionsException">io.cucumber.core.runner.AmbiguousStepDefinitionsException: &quot;User is on the result page of searching notebookFravega&quot; matches more than one step definition:
  &quot;^User is on the result page of searching (.+)$&quot; in stepDefinitions.stepDefinitionTest.user_is_on_the_result_page_of_searching(java.lang.String)
  &quot;^User is on the result page of searching (.+)Fravega$&quot; in stepDefinitions.stepDefinitionTest.user_is_on_the_result_page_of_searchingFravega(java.lang.String)
	at io.cucumber.core.runner.CachingGlue.findStepDefinitionMatch(CachingGlue.java:373)
	at io.cucumber.core.runner.CachingGlue.stepDefinitionMatch(CachingGlue.java:341)
	at io.cucumber.core.runner.Runner.matchStepToStepDefinition(Runner.java:148)
	at io.cucumber.core.runner.Runner.createTestStepsForPickleSteps(Runner.java:128)
	at io.cucumber.core.runner.Runner.createTestCaseForPickle(Runner.java:111)
	at io.cucumber.core.runner.Runner.runPickle(Runner.java:72)
	at io.cucumber.junit.PickleRunners$WithStepDescriptions.run(PickleRunners.java:110)
	at io.cucumber.junit.FeatureRunner.runChild(FeatureRunner.java:135)
	at io.cucumber.junit.FeatureRunner.runChild(FeatureRunner.java:27)
	at org.junit.runners.ParentRunner$3.run(ParentRunner.java:290)
	at org.junit.runners.ParentRunner$1.schedule(ParentRunner.java:71)
	at org.junit.runners.ParentRunner.runChildren(ParentRunner.java:288)
	at org.junit.runners.ParentRunner.access$000(ParentRunner.java:58)
	at org.junit.runners.ParentRunner$2.evaluate(ParentRunner.java:268)
	at org.junit.runners.ParentRunner.run(ParentRunner.java:363)
	at io.cucumber.junit.Cucumber.runChild(Cucumber.java:200)
	at io.cucumber.junit.Cucumber.runChild(Cucumber.java:90)
	at org.junit.runners.ParentRunner$3.run(ParentRunner.java:290)
	at org.junit.runners.ParentRunner$1.schedule(ParentRunner.java:71)
	at org.junit.runners.ParentRunner.runChildren(ParentRunner.java:288)
	at org.junit.runners.ParentRunner.access$000(ParentRunner.java:58)
	at org.junit.runners.ParentRunner$2.evaluate(ParentRunner.java:268)
	at io.cucumber.junit.Cucumber$RunCucumber.evaluate(Cucumber.java:235)
	at org.junit.runners.ParentRunner.run(ParentRunner.java:363)
	at org.apache.maven.surefire.junit4.JUnit4Provider.execute(JUnit4Provider.java:252)
	at org.apache.maven.surefire.junit4.JUnit4Provider.executeTestSet(JUnit4Provider.java:141)
	at org.apache.maven.surefire.junit4.JUnit4Provider.invoke(JUnit4Provider.java:112)
	at sun.reflect.NativeMethodAccessorImpl.invoke0(Native Method)
	at sun.reflect.NativeMethodAccessorImpl.invoke(NativeMethodAccessorImpl.java:62)
	at sun.reflect.DelegatingMethodAccessorImpl.invoke(DelegatingMethodAccessorImpl.java:43)
	at java.lang.reflect.Method.invoke(Method.java:498)
	at org.apache.maven.surefire.util.ReflectionUtils.invokeMethodWithArray(ReflectionUtils.java:189)
	at org.apache.maven.surefire.booter.ProviderFactory$ProviderProxy.invoke(ProviderFactory.java:165)
	at org.apache.maven.surefire.booter.ProviderFactory.invokeProvider(ProviderFactory.java:85)
	at org.apache.maven.surefire.booter.ForkedBooter.runSuitesInProcess(ForkedBooter.java:115)
	at org.apache.maven.surefire.booter.ForkedBooter.main(ForkedBooter.java:75)
</error>
    <system-out>  Then The result resultados are displayed trueFravega                                 # null
      java.lang.NullPointerException
	at stepDefinitions.Hooks.after_regressionTestFravega(Hooks.java:57)

</system-out>
  </testcase>
  <testcase classname="Search products in mercadolibrecomar and with different validations2 #7" name="Search products in mercadolibrecomar and with different validations2 #7" time="0.006">
    <error type="java.lang.NullPointerException">java.lang.NullPointerException
	at stepDefinitions.Hooks.after_regressionTestFravega(Hooks.java:57)
</error>
  </testcase>
  <testcase classname="Search products in mercadolibrecomar and with different validations2 #8" name="User is on the result page of searching notebookFravega" time="0.001">
    <error message="&quot;User is on the result page of searching notebookFravega&quot; matches more than one step definition:
  &quot;^User is on the result page of searching (.+)$&quot; in stepDefinitions.stepDefinitionTest.user_is_on_the_result_page_of_searching(java.lang.String)
  &quot;^User is on the result page of searching (.+)Fravega$&quot; in stepDefinitions.stepDefinitionTest.user_is_on_the_result_page_of_searchingFravega(java.lang.String)" type="io.cucumber.core.runner.AmbiguousStepDefinitionsException">io.cucumber.core.runner.AmbiguousStepDefinitionsException: &quot;User is on the result page of searching notebookFravega&quot; matches more than one step definition:
  &quot;^User is on the result page of searching (.+)$&quot; in stepDefinitions.stepDefinitionTest.user_is_on_the_result_page_of_searching(java.lang.String)
  &quot;^User is on the result page of searching (.+)Fravega$&quot; in stepDefinitions.stepDefinitionTest.user_is_on_the_result_page_of_searchingFravega(java.lang.String)
	at io.cucumber.core.runner.CachingGlue.findStepDefinitionMatch(CachingGlue.java:373)
	at io.cucumber.core.runner.CachingGlue.stepDefinitionMatch(CachingGlue.java:341)
	at io.cucumber.core.runner.Runner.matchStepToStepDefinition(Runner.java:148)
	at io.cucumber.core.runner.Runner.createTestStepsForPickleSteps(Runner.java:128)
	at io.cucumber.core.runner.Runner.createTestCaseForPickle(Runner.java:111)
	at io.cucumber.core.runner.Runner.runPickle(Runner.java:72)
	at io.cucumber.junit.PickleRunners$WithStepDescriptions.run(PickleRunners.java:110)
	at io.cucumber.junit.FeatureRunner.runChild(FeatureRunner.java:135)
	at io.cucumber.junit.FeatureRunner.runChild(FeatureRunner.java:27)
	at org.junit.runners.ParentRunner$3.run(ParentRunner.java:290)
	at org.junit.runners.ParentRunner$1.schedule(ParentRunner.java:71)
	at org.junit.runners.ParentRunner.runChildren(ParentRunner.java:288)
	at org.junit.runners.ParentRunner.access$000(ParentRunner.java:58)
	at org.junit.runners.ParentRunner$2.evaluate(ParentRunner.java:268)
	at org.junit.runners.ParentRunner.run(ParentRunner.java:363)
	at io.cucumber.junit.Cucumber.runChild(Cucumber.java:200)
	at io.cucumber.junit.Cucumber.runChild(Cucumber.java:90)
	at org.junit.runners.ParentRunner$3.run(ParentRunner.java:290)
	at org.junit.runners.ParentRunner$1.schedule(ParentRunner.java:71)
	at org.junit.runners.ParentRunner.runChildren(ParentRunner.java:288)
	at org.junit.runners.ParentRunner.access$000(ParentRunner.java:58)
	at org.junit.runners.ParentRunner$2.evaluate(ParentRunner.java:268)
	at io.cucumber.junit.Cucumber$RunCucumber.evaluate(Cucumber.java:235)
	at org.junit.runners.ParentRunner.run(ParentRunner.java:363)
	at org.apache.maven.surefire.junit4.JUnit4Provider.execute(JUnit4Provider.java:252)
	at org.apache.maven.surefire.junit4.JUnit4Provider.executeTestSet(JUnit4Provider.java:141)
	at org.apache.maven.surefire.junit4.JUnit4Provider.invoke(JUnit4Provider.java:112)
	at sun.reflect.NativeMethodAccessorImpl.invoke0(Native Method)
	at sun.reflect.NativeMethodAccessorImpl.invoke(NativeMethodAccessorImpl.java:62)
	at sun.reflect.DelegatingMethodAccessorImpl.invoke(DelegatingMethodAccessorImpl.java:43)
	at java.lang.reflect.Method.invoke(Method.java:498)
	at org.apache.maven.surefire.util.ReflectionUtils.invokeMethodWithArray(ReflectionUtils.java:189)
	at org.apache.maven.surefire.booter.ProviderFactory$ProviderProxy.invoke(ProviderFactory.java:165)
	at org.apache.maven.surefire.booter.ProviderFactory.invokeProvider(ProviderFactory.java:85)
	at org.apache.maven.surefire.booter.ForkedBooter.runSuitesInProcess(ForkedBooter.java:115)
	at org.apache.maven.surefire.booter.ForkedBooter.main(ForkedBooter.java:75)
</error>
    <system-out>
@MercadoLibre @RegressionTestFravega
Scenario Outline: Search products in mercadolibrecomar and with different validations2 # src/test/java/features/Search.feature:79
</system-out>
  </testcase>
  <testcase classname="Search products in mercadolibrecomar and with different validations2 #8" name="User search a product with price betwen 400000 and 500000Fravega" time="0">
    <skipped/>
    <system-out>  Given User is on the result page of searching notebookFravega                        # null
      io.cucumber.core.runner.AmbiguousStepDefinitionsException: &quot;User is on the result page of searching notebookFravega&quot; matches more than one step definition:
  &quot;^User is on the result page of searching (.+)$&quot; in stepDefinitions.stepDefinitionTest.user_is_on_the_result_page_of_searching(java.lang.String)
  &quot;^User is on the result page of searching (.+)Fravega$&quot; in stepDefinitions.stepDefinitionTest.user_is_on_the_result_page_of_searchingFravega(java.lang.String)
	at io.cucumber.core.runner.CachingGlue.findStepDefinitionMatch(CachingGlue.java:373)
	at io.cucumber.core.runner.CachingGlue.stepDefinitionMatch(CachingGlue.java:341)
	at io.cucumber.core.runner.Runner.matchStepToStepDefinition(Runner.java:148)
	at io.cucumber.core.runner.Runner.createTestStepsForPickleSteps(Runner.java:128)
	at io.cucumber.core.runner.Runner.createTestCaseForPickle(Runner.java:111)
	at io.cucumber.core.runner.Runner.runPickle(Runner.java:72)
	at io.cucumber.junit.PickleRunners$WithStepDescriptions.run(PickleRunners.java:110)
	at io.cucumber.junit.FeatureRunner.runChild(FeatureRunner.java:135)
	at io.cucumber.junit.FeatureRunner.runChild(FeatureRunner.java:27)
	at org.junit.runners.ParentRunner$3.run(ParentRunner.java:290)
	at org.junit.runners.ParentRunner$1.schedule(ParentRunner.java:71)
	at org.junit.runners.ParentRunner.runChildren(ParentRunner.java:288)
	at org.junit.runners.ParentRunner.access$000(ParentRunner.java:58)
	at org.junit.runners.ParentRunner$2.evaluate(ParentRunner.java:268)
	at org.junit.runners.ParentRunner.run(ParentRunner.java:363)
	at io.cucumber.junit.Cucumber.runChild(Cucumber.java:200)
	at io.cucumber.junit.Cucumber.runChild(Cucumber.java:90)
	at org.junit.runners.ParentRunner$3.run(ParentRunner.java:290)
	at org.junit.runners.ParentRunner$1.schedule(ParentRunner.java:71)
	at org.junit.runners.ParentRunner.runChildren(ParentRunner.java:288)
	at org.junit.runners.ParentRunner.access$000(ParentRunner.java:58)
	at org.junit.runners.ParentRunner$2.evaluate(ParentRunner.java:268)
	at io.cucumber.junit.Cucumber$RunCucumber.evaluate(Cucumber.java:235)
	at org.junit.runners.ParentRunner.run(ParentRunner.java:363)
	at org.apache.maven.surefire.junit4.JUnit4Provider.execute(JUnit4Provider.java:252)
	at org.apache.maven.surefire.junit4.JUnit4Provider.executeTestSet(JUnit4Provider.java:141)
	at org.apache.maven.surefire.junit4.JUnit4Provider.invoke(JUnit4Provider.java:112)
	at sun.reflect.NativeMethodAccessorImpl.invoke0(Native Method)
	at sun.reflect.NativeMethodAccessorImpl.invoke(NativeMethodAccessorImpl.java:62)
	at sun.reflect.DelegatingMethodAccessorImpl.invoke(DelegatingMethodAccessorImpl.java:43)
	at java.lang.reflect.Method.invoke(Method.java:498)
	at org.apache.maven.surefire.util.ReflectionUtils.invokeMethodWithArray(ReflectionUtils.java:189)
	at org.apache.maven.surefire.booter.ProviderFactory$ProviderProxy.invoke(ProviderFactory.java:165)
	at org.apache.maven.surefire.booter.ProviderFactory.invokeProvider(ProviderFactory.java:85)
	at org.apache.maven.surefire.booter.ForkedBooter.runSuitesInProcess(ForkedBooter.java:115)
	at org.apache.maven.surefire.booter.ForkedBooter.main(ForkedBooter.java:75)

</system-out>
  </testcase>
  <testcase classname="Search products in mercadolibrecomar and with different validations2 #8" name="The result no hay resultados are displayed failFravega" time="0.002">
    <skipped/>
    <system-out>  When User search a product with price betwen 400000 and 500000Fravega                # null
</system-out>
  </testcase>
  <testcase classname="Search products in mercadolibrecomar and with different validations2 #8" name="Search products in mercadolibrecomar and with different validations2 #8" time="0.003">
    <error message="&quot;User is on the result page of searching notebookFravega&quot; matches more than one step definition:
  &quot;^User is on the result page of searching (.+)$&quot; in stepDefinitions.stepDefinitionTest.user_is_on_the_result_page_of_searching(java.lang.String)
  &quot;^User is on the result page of searching (.+)Fravega$&quot; in stepDefinitions.stepDefinitionTest.user_is_on_the_result_page_of_searchingFravega(java.lang.String)" type="io.cucumber.core.runner.AmbiguousStepDefinitionsException">io.cucumber.core.runner.AmbiguousStepDefinitionsException: &quot;User is on the result page of searching notebookFravega&quot; matches more than one step definition:
  &quot;^User is on the result page of searching (.+)$&quot; in stepDefinitions.stepDefinitionTest.user_is_on_the_result_page_of_searching(java.lang.String)
  &quot;^User is on the result page of searching (.+)Fravega$&quot; in stepDefinitions.stepDefinitionTest.user_is_on_the_result_page_of_searchingFravega(java.lang.String)
	at io.cucumber.core.runner.CachingGlue.findStepDefinitionMatch(CachingGlue.java:373)
	at io.cucumber.core.runner.CachingGlue.stepDefinitionMatch(CachingGlue.java:341)
	at io.cucumber.core.runner.Runner.matchStepToStepDefinition(Runner.java:148)
	at io.cucumber.core.runner.Runner.createTestStepsForPickleSteps(Runner.java:128)
	at io.cucumber.core.runner.Runner.createTestCaseForPickle(Runner.java:111)
	at io.cucumber.core.runner.Runner.runPickle(Runner.java:72)
	at io.cucumber.junit.PickleRunners$WithStepDescriptions.run(PickleRunners.java:110)
	at io.cucumber.junit.FeatureRunner.runChild(FeatureRunner.java:135)
	at io.cucumber.junit.FeatureRunner.runChild(FeatureRunner.java:27)
	at org.junit.runners.ParentRunner$3.run(ParentRunner.java:290)
	at org.junit.runners.ParentRunner$1.schedule(ParentRunner.java:71)
	at org.junit.runners.ParentRunner.runChildren(ParentRunner.java:288)
	at org.junit.runners.ParentRunner.access$000(ParentRunner.java:58)
	at org.junit.runners.ParentRunner$2.evaluate(ParentRunner.java:268)
	at org.junit.runners.ParentRunner.run(ParentRunner.java:363)
	at io.cucumber.junit.Cucumber.runChild(Cucumber.java:200)
	at io.cucumber.junit.Cucumber.runChild(Cucumber.java:90)
	at org.junit.runners.ParentRunner$3.run(ParentRunner.java:290)
	at org.junit.runners.ParentRunner$1.schedule(ParentRunner.java:71)
	at org.junit.runners.ParentRunner.runChildren(ParentRunner.java:288)
	at org.junit.runners.ParentRunner.access$000(ParentRunner.java:58)
	at org.junit.runners.ParentRunner$2.evaluate(ParentRunner.java:268)
	at io.cucumber.junit.Cucumber$RunCucumber.evaluate(Cucumber.java:235)
	at org.junit.runners.ParentRunner.run(ParentRunner.java:363)
	at org.apache.maven.surefire.junit4.JUnit4Provider.execute(JUnit4Provider.java:252)
	at org.apache.maven.surefire.junit4.JUnit4Provider.executeTestSet(JUnit4Provider.java:141)
	at org.apache.maven.surefire.junit4.JUnit4Provider.invoke(JUnit4Provider.java:112)
	at sun.reflect.NativeMethodAccessorImpl.invoke0(Native Method)
	at sun.reflect.NativeMethodAccessorImpl.invoke(NativeMethodAccessorImpl.java:62)
	at sun.reflect.DelegatingMethodAccessorImpl.invoke(DelegatingMethodAccessorImpl.java:43)
	at java.lang.reflect.Method.invoke(Method.java:498)
	at org.apache.maven.surefire.util.ReflectionUtils.invokeMethodWithArray(ReflectionUtils.java:189)
	at org.apache.maven.surefire.booter.ProviderFactory$ProviderProxy.invoke(ProviderFactory.java:165)
	at org.apache.maven.surefire.booter.ProviderFactory.invokeProvider(ProviderFactory.java:85)
	at org.apache.maven.surefire.booter.ForkedBooter.runSuitesInProcess(ForkedBooter.java:115)
	at org.apache.maven.surefire.booter.ForkedBooter.main(ForkedBooter.java:75)
</error>
    <system-out>  Then The result no hay resultados are displayed failFravega                          # null
      java.lang.NullPointerException
	at stepDefinitions.Hooks.after_regressionTestFravega(Hooks.java:57)

</system-out>
  </testcase>
  <testcase classname="Search products in mercadolibrecomar and with different validations2 #8" name="Search products in mercadolibrecomar and with different validations2 #8" time="0.003">
    <error type="java.lang.NullPointerException">java.lang.NullPointerException
	at stepDefinitions.Hooks.after_regressionTestFravega(Hooks.java:57)
</error>
  </testcase>
</testsuite>