<?xml version="1.0" encoding="UTF-8" ?>
<testsuite tests="1" failures="0" name="stepDefinitions.stepDefinitionTest" time="0" errors="1" skipped="0">
  <properties>
[...]
</properties>
  <testcase classname="stepDefinitions.stepDefinitionTest" name="initializationError" time="0">
    <error message="

Classes annotated with @RunWith(Cucumber.class) must not define any
Step Definition or Hook methods. Their sole purpose is to serve as
an entry point for JUnit. Step Definitions and Hooks should be defined
in their own classes. This allows them to be reused across features.
Offending class: class stepDefinitions.stepDefinitionTest
" type="io.cucumber.core.exception.CucumberException">io.cucumber.core.exception.CucumberException: 

Classes annotated with @RunWith(Cucumber.class) must not define any
Step Definition or Hook methods. Their sole purpose is to serve as
an entry point for JUnit. Step Definitions and Hooks should be defined
in their own classes. This allows them to be reused across features.
Offending class: class stepDefinitions.stepDefinitionTest

	at io.cucumber.junit.Assertions.assertNoCucumberAnnotatedMethods(Assertions.java:17)
	at io.cucumber.junit.Cucumber.&lt;init&gt;(Cucumber.java:112)
	at sun.reflect.NativeConstructorAccessorImpl.newInstance0(Native Method)
	at sun.reflect.NativeConstructorAccessorImpl.newInstance(NativeConstructorAccessorImpl.java:62)
	at sun.reflect.DelegatingConstructorAccessorImpl.newInstance(DelegatingConstructorAccessorImpl.java:45)
	at java.lang.reflect.Constructor.newInstance(Constructor.java:423)
	at org.junit.internal.builders.AnnotatedBuilder.buildRunner(AnnotatedBuilder.java:104)
	at org.junit.internal.builders.AnnotatedBuilder.runnerForClass(AnnotatedBuilder.java:86)
	at org.junit.runners.model.RunnerBuilder.safeRunnerForClass(RunnerBuilder.java:59)
	at org.junit.internal.builders.AllDefaultPossibilitiesBuilder.runnerForClass(AllDefaultPossibilitiesBuilder.java:26)
	at org.junit.runners.model.RunnerBuilder.safeRunnerForClass(RunnerBuilder.java:59)
	at org.junit.internal.requests.ClassRequest.getRunner(ClassRequest.java:33)
	at org.apache.maven.surefire.junit4.JUnit4Provider.execute(JUnit4Provider.java:250)
	at org.apache.maven.surefire.junit4.JUnit4Provider.executeTestSet(JUnit4Provider.java:141)
	at org.apache.maven.surefire.junit4.JUnit4Provider.invoke(JUnit4Provider.java:112)
	at sun.reflect.NativeMethodAccessorImpl.invoke0(Native Method)
	at sun.reflect.NativeMethodAccessorImpl.invoke(NativeMethodAccessorImpl.java:62)
	at sun.reflect.DelegatingMethodAccessorImpl.invoke(DelegatingMethodAccessorImpl.java:43)
	at java.lang.reflect.Method.invoke(Method.java:498)
	at org.apache.maven.surefire.util.ReflectionUtils.invokeMethodWithArray(ReflectionUtils.java:189)
	at org.apache.maven.surefire.booter.ProviderFactory$ProviderProxy.invoke(ProviderFactory.java:165)
	at org.apache.maven.surefire.booter.ProviderFactory.invokeProvider(ProviderFactory.java:85)
	at org.apache.maven.surefire.booter.ForkedBooter.runSuitesInProcess(ForkedBooter.java:115)
	at org.apache.maven.surefire.booter.ForkedBooter.main(ForkedBooter.java:75)
</error>
    <system-err>????????????????????????????????????????????????????????????????????????????
? View your Cucumber Report at:                                            ?
? https://reports.cucumber.io/reports/4b33006b-a9b2-44bc-a8e3-193d49f231d9 ?
?                                                                          ?
? This report will self-destruct in 24h.                                   ?
? Keep reports forever: https://reports.cucumber.io/profile                ?
????????????????????????????????????????????????????????????????????????????</system-err>
  </testcase>
</testsuite>